{"C:\\Users\\91889\\OneDrive\\Desktop\\final-project\\backend\\app.js":{"path":"C:\\Users\\91889\\OneDrive\\Desktop\\final-project\\backend\\app.js","statementMap":{"0":{"start":{"line":1,"column":16},"end":{"line":1,"column":34}},"1":{"start":{"line":2,"column":18},"end":{"line":2,"column":40}},"2":{"start":{"line":3,"column":13},"end":{"line":3,"column":28}},"3":{"start":{"line":4,"column":19},"end":{"line":4,"column":49}},"4":{"start":{"line":5,"column":20},"end":{"line":5,"column":51}},"5":{"start":{"line":6,"column":25},"end":{"line":6,"column":54}},"6":{"start":{"line":7,"column":19},"end":{"line":7,"column":49}},"7":{"start":{"line":8,"column":19},"end":{"line":8,"column":49}},"8":{"start":{"line":9,"column":22},"end":{"line":9,"column":52}},"9":{"start":{"line":10,"column":47},"end":{"line":10,"column":83}},"10":{"start":{"line":11,"column":15},"end":{"line":11,"column":32}},"11":{"start":{"line":12,"column":20},"end":{"line":12,"column":47}},"12":{"start":{"line":13,"column":0},"end":{"line":13,"column":27}},"13":{"start":{"line":16,"column":12},"end":{"line":16,"column":21}},"14":{"start":{"line":17,"column":0},"end":{"line":17,"column":17}},"15":{"start":{"line":22,"column":0},"end":{"line":24,"column":1}},"16":{"start":{"line":23,"column":4},"end":{"line":23,"column":16}},"17":{"start":{"line":26,"column":0},"end":{"line":29,"column":4}},"18":{"start":{"line":34,"column":0},"end":{"line":34,"column":49}},"19":{"start":{"line":37,"column":0},"end":{"line":37,"column":24}},"20":{"start":{"line":38,"column":0},"end":{"line":38,"column":47}},"21":{"start":{"line":42,"column":0},"end":{"line":42,"column":33}},"22":{"start":{"line":43,"column":0},"end":{"line":43,"column":33}},"23":{"start":{"line":44,"column":0},"end":{"line":44,"column":45}},"24":{"start":{"line":45,"column":0},"end":{"line":45,"column":35}},"25":{"start":{"line":46,"column":0},"end":{"line":46,"column":32}},"26":{"start":{"line":50,"column":0},"end":{"line":50,"column":73}},"27":{"start":{"line":50,"column":33},"end":{"line":50,"column":71}},"28":{"start":{"line":52,"column":0},"end":{"line":56,"column":3}},"29":{"start":{"line":53,"column":16},"end":{"line":53,"column":50}},"30":{"start":{"line":54,"column":4},"end":{"line":54,"column":21}},"31":{"start":{"line":55,"column":4},"end":{"line":55,"column":14}},"32":{"start":{"line":60,"column":0},"end":{"line":60,"column":30}},"33":{"start":{"line":61,"column":0},"end":{"line":61,"column":22}},"34":{"start":{"line":76,"column":0},"end":{"line":76,"column":21}}},"fnMap":{"0":{"name":"(anonymous_0)","decl":{"start":{"line":50,"column":19},"end":{"line":50,"column":20}},"loc":{"start":{"line":50,"column":33},"end":{"line":50,"column":71}},"line":50},"1":{"name":"(anonymous_1)","decl":{"start":{"line":52,"column":23},"end":{"line":52,"column":24}},"loc":{"start":{"line":52,"column":43},"end":{"line":56,"column":1}},"line":52}},"branchMap":{"0":{"loc":{"start":{"line":22,"column":0},"end":{"line":24,"column":1}},"type":"if","locations":[{"start":{"line":22,"column":0},"end":{"line":24,"column":1}},{"start":{},"end":{}}],"line":22}},"s":{"0":1,"1":1,"2":1,"3":1,"4":1,"5":1,"6":1,"7":1,"8":1,"9":1,"10":1,"11":1,"12":1,"13":1,"14":1,"15":1,"16":1,"17":1,"18":1,"19":1,"20":1,"21":1,"22":1,"23":1,"24":1,"25":1,"26":1,"27":0,"28":1,"29":0,"30":0,"31":0,"32":1,"33":1,"34":1},"f":{"0":0,"1":0},"b":{"0":[1,0]},"_coverageSchema":"1a1c01bbd47fc00a2c39e90264f33305004495a9","hash":"4e18206b8167e91adb70ac3cbd468ef425079d6a","contentHash":"55ca1e542406b422bc7ec1fe9353a8af28d160c55f8af15b8a2066e17ea1af27"},"C:\\Users\\91889\\OneDrive\\Desktop\\final-project\\backend\\config\\db.js":{"path":"C:\\Users\\91889\\OneDrive\\Desktop\\final-project\\backend\\config\\db.js","statementMap":{"0":{"start":{"line":1,"column":17},"end":{"line":1,"column":36}},"1":{"start":{"line":3,"column":18},"end":{"line":14,"column":1}},"2":{"start":{"line":4,"column":4},"end":{"line":13,"column":5}},"3":{"start":{"line":5,"column":8},"end":{"line":8,"column":11}},"4":{"start":{"line":9,"column":8},"end":{"line":9,"column":41}},"5":{"start":{"line":11,"column":8},"end":{"line":11,"column":57}},"6":{"start":{"line":12,"column":8},"end":{"line":12,"column":24}},"7":{"start":{"line":16,"column":0},"end":{"line":16,"column":27}}},"fnMap":{"0":{"name":"(anonymous_0)","decl":{"start":{"line":3,"column":18},"end":{"line":3,"column":19}},"loc":{"start":{"line":3,"column":30},"end":{"line":14,"column":1}},"line":3}},"branchMap":{},"s":{"0":1,"1":1,"2":1,"3":1,"4":1,"5":0,"6":0,"7":1},"f":{"0":1},"b":{},"_coverageSchema":"1a1c01bbd47fc00a2c39e90264f33305004495a9","hash":"7f5ff795dbaba750e7e697c8b9c0b9f04a364339","contentHash":"38d15212a4c90a6d61d7159322e0800ea3e592d5bd32f0733e5425fd2306793d"},"C:\\Users\\91889\\OneDrive\\Desktop\\final-project\\backend\\routes\\authRoutes.js":{"path":"C:\\Users\\91889\\OneDrive\\Desktop\\final-project\\backend\\routes\\authRoutes.js","statementMap":{"0":{"start":{"line":1,"column":16},"end":{"line":1,"column":34}},"1":{"start":{"line":2,"column":126},"end":{"line":2,"column":166}},"2":{"start":{"line":3,"column":15},"end":{"line":3,"column":31}},"3":{"start":{"line":4,"column":26},"end":{"line":4,"column":68}},"4":{"start":{"line":5,"column":20},"end":{"line":5,"column":64}},"5":{"start":{"line":7,"column":0},"end":{"line":7,"column":24}},"6":{"start":{"line":77,"column":0},"end":{"line":77,"column":31}},"7":{"start":{"line":78,"column":0},"end":{"line":78,"column":29}},"8":{"start":{"line":79,"column":0},"end":{"line":79,"column":49}},"9":{"start":{"line":80,"column":0},"end":{"line":80,"column":51}},"10":{"start":{"line":81,"column":0},"end":{"line":81,"column":38}},"11":{"start":{"line":84,"column":0},"end":{"line":84,"column":40}},"12":{"start":{"line":85,"column":0},"end":{"line":85,"column":44}},"13":{"start":{"line":86,"column":0},"end":{"line":86,"column":54}},"14":{"start":{"line":87,"column":0},"end":{"line":87,"column":32}},"15":{"start":{"line":89,"column":0},"end":{"line":89,"column":24}}},"fnMap":{},"branchMap":{},"s":{"0":1,"1":1,"2":1,"3":1,"4":1,"5":1,"6":1,"7":1,"8":1,"9":1,"10":1,"11":1,"12":1,"13":1,"14":1,"15":1},"f":{},"b":{},"_coverageSchema":"1a1c01bbd47fc00a2c39e90264f33305004495a9","hash":"8f3364c83c9f087a7cb6ea4097e40975d05c1e73","contentHash":"4cbd57271a03870652b9b0ccf24ac488b73e67823f527e18454bf6aec5f1f197"},"C:\\Users\\91889\\OneDrive\\Desktop\\final-project\\backend\\controllers\\authController.js":{"path":"C:\\Users\\91889\\OneDrive\\Desktop\\final-project\\backend\\controllers\\authController.js","statementMap":{"0":{"start":{"line":1,"column":0},"end":{"line":1,"column":27}},"1":{"start":{"line":2,"column":13},"end":{"line":2,"column":38}},"2":{"start":{"line":3,"column":15},"end":{"line":3,"column":34}},"3":{"start":{"line":4,"column":12},"end":{"line":4,"column":35}},"4":{"start":{"line":5,"column":19},"end":{"line":5,"column":50}},"5":{"start":{"line":6,"column":14},"end":{"line":6,"column":40}},"6":{"start":{"line":7,"column":14},"end":{"line":7,"column":40}},"7":{"start":{"line":10,"column":0},"end":{"line":52,"column":2}},"8":{"start":{"line":11,"column":4},"end":{"line":51,"column":5}},"9":{"start":{"line":12,"column":46},"end":{"line":12,"column":54}},"10":{"start":{"line":13,"column":21},"end":{"line":13,"column":27}},"11":{"start":{"line":16,"column":29},"end":{"line":16,"column":61}},"12":{"start":{"line":17,"column":8},"end":{"line":19,"column":9}},"13":{"start":{"line":18,"column":12},"end":{"line":18,"column":78}},"14":{"start":{"line":22,"column":27},"end":{"line":22,"column":55}},"15":{"start":{"line":23,"column":8},"end":{"line":25,"column":9}},"16":{"start":{"line":24,"column":12},"end":{"line":24,"column":75}},"17":{"start":{"line":28,"column":30},"end":{"line":28,"column":92}},"18":{"start":{"line":29,"column":8},"end":{"line":33,"column":9}},"19":{"start":{"line":30,"column":12},"end":{"line":32,"column":15}},"20":{"start":{"line":36,"column":31},"end":{"line":36,"column":62}},"21":{"start":{"line":39,"column":24},"end":{"line":44,"column":10}},"22":{"start":{"line":45,"column":8},"end":{"line":45,"column":29}},"23":{"start":{"line":47,"column":8},"end":{"line":47,"column":74}},"24":{"start":{"line":49,"column":8},"end":{"line":49,"column":29}},"25":{"start":{"line":50,"column":8},"end":{"line":50,"column":66}},"26":{"start":{"line":55,"column":0},"end":{"line":81,"column":2}},"27":{"start":{"line":56,"column":32},"end":{"line":56,"column":40}},"28":{"start":{"line":58,"column":4},"end":{"line":80,"column":5}},"29":{"start":{"line":60,"column":21},"end":{"line":62,"column":56}},"30":{"start":{"line":64,"column":8},"end":{"line":64,"column":83}},"31":{"start":{"line":64,"column":19},"end":{"line":64,"column":83}},"32":{"start":{"line":67,"column":24},"end":{"line":67,"column":69}},"33":{"start":{"line":68,"column":8},"end":{"line":68,"column":86}},"34":{"start":{"line":68,"column":22},"end":{"line":68,"column":86}},"35":{"start":{"line":70,"column":22},"end":{"line":74,"column":9}},"36":{"start":{"line":76,"column":8},"end":{"line":76,"column":28}},"37":{"start":{"line":78,"column":8},"end":{"line":78,"column":52}},"38":{"start":{"line":79,"column":8},"end":{"line":79,"column":56}},"39":{"start":{"line":83,"column":0},"end":{"line":90,"column":4}},"40":{"start":{"line":84,"column":4},"end":{"line":89,"column":5}},"41":{"start":{"line":85,"column":26},"end":{"line":85,"column":49}},"42":{"start":{"line":86,"column":6},"end":{"line":86,"column":40}},"43":{"start":{"line":88,"column":6},"end":{"line":88,"column":69}},"44":{"start":{"line":92,"column":2},"end":{"line":102,"column":4}},"45":{"start":{"line":93,"column":4},"end":{"line":101,"column":5}},"46":{"start":{"line":94,"column":25},"end":{"line":94,"column":74}},"47":{"start":{"line":95,"column":6},"end":{"line":97,"column":7}},"48":{"start":{"line":96,"column":8},"end":{"line":96,"column":71}},"49":{"start":{"line":98,"column":6},"end":{"line":98,"column":75}},"50":{"start":{"line":100,"column":6},"end":{"line":100,"column":69}},"51":{"start":{"line":104,"column":2},"end":{"line":111,"column":2}},"52":{"start":{"line":105,"column":4},"end":{"line":110,"column":5}},"53":{"start":{"line":106,"column":22},"end":{"line":106,"column":39}},"54":{"start":{"line":107,"column":8},"end":{"line":107,"column":36}},"55":{"start":{"line":109,"column":8},"end":{"line":109,"column":65}},"56":{"start":{"line":114,"column":0},"end":{"line":124,"column":2}},"57":{"start":{"line":115,"column":4},"end":{"line":123,"column":5}},"58":{"start":{"line":116,"column":21},"end":{"line":116,"column":64}},"59":{"start":{"line":117,"column":8},"end":{"line":119,"column":9}},"60":{"start":{"line":118,"column":12},"end":{"line":118,"column":69}},"61":{"start":{"line":120,"column":8},"end":{"line":120,"column":71}},"62":{"start":{"line":122,"column":8},"end":{"line":122,"column":65}},"63":{"start":{"line":127,"column":0},"end":{"line":153,"column":2}},"64":{"start":{"line":128,"column":27},"end":{"line":128,"column":37}},"65":{"start":{"line":129,"column":21},"end":{"line":129,"column":29}},"66":{"start":{"line":131,"column":2},"end":{"line":152,"column":3}},"67":{"start":{"line":133,"column":4},"end":{"line":135,"column":5}},"68":{"start":{"line":134,"column":6},"end":{"line":134,"column":71}},"69":{"start":{"line":138,"column":23},"end":{"line":142,"column":5}},"70":{"start":{"line":144,"column":4},"end":{"line":146,"column":5}},"71":{"start":{"line":145,"column":6},"end":{"line":145,"column":71}},"72":{"start":{"line":148,"column":4},"end":{"line":148,"column":81}},"73":{"start":{"line":150,"column":4},"end":{"line":150,"column":62}},"74":{"start":{"line":151,"column":4},"end":{"line":151,"column":63}},"75":{"start":{"line":155,"column":0},"end":{"line":172,"column":2}},"76":{"start":{"line":156,"column":2},"end":{"line":171,"column":1}},"77":{"start":{"line":157,"column":23},"end":{"line":157,"column":50}},"78":{"start":{"line":158,"column":29},"end":{"line":158,"column":62}},"79":{"start":{"line":159,"column":24},"end":{"line":159,"column":52}},"80":{"start":{"line":161,"column":4},"end":{"line":161,"column":57}},"81":{"start":{"line":163,"column":4},"end":{"line":167,"column":7}},"82":{"start":{"line":169,"column":4},"end":{"line":169,"column":25}},"83":{"start":{"line":170,"column":4},"end":{"line":170,"column":61}},"84":{"start":{"line":174,"column":0},"end":{"line":181,"column":2}},"85":{"start":{"line":175,"column":2},"end":{"line":180,"column":3}},"86":{"start":{"line":176,"column":19},"end":{"line":176,"column":37}},"87":{"start":{"line":177,"column":4},"end":{"line":177,"column":21}},"88":{"start":{"line":179,"column":4},"end":{"line":179,"column":76}}},"fnMap":{"0":{"name":"(anonymous_0)","decl":{"start":{"line":10,"column":17},"end":{"line":10,"column":18}},"loc":{"start":{"line":10,"column":37},"end":{"line":52,"column":1}},"line":10},"1":{"name":"(anonymous_1)","decl":{"start":{"line":55,"column":16},"end":{"line":55,"column":17}},"loc":{"start":{"line":55,"column":36},"end":{"line":81,"column":1}},"line":55},"2":{"name":"(anonymous_2)","decl":{"start":{"line":83,"column":26},"end":{"line":83,"column":27}},"loc":{"start":{"line":83,"column":46},"end":{"line":90,"column":3}},"line":83},"3":{"name":"(anonymous_3)","decl":{"start":{"line":92,"column":29},"end":{"line":92,"column":30}},"loc":{"start":{"line":92,"column":49},"end":{"line":102,"column":3}},"line":92},"4":{"name":"(anonymous_4)","decl":{"start":{"line":104,"column":24},"end":{"line":104,"column":25}},"loc":{"start":{"line":104,"column":44},"end":{"line":111,"column":1}},"line":104},"5":{"name":"(anonymous_5)","decl":{"start":{"line":114,"column":21},"end":{"line":114,"column":22}},"loc":{"start":{"line":114,"column":41},"end":{"line":124,"column":1}},"line":114},"6":{"name":"(anonymous_6)","decl":{"start":{"line":127,"column":17},"end":{"line":127,"column":18}},"loc":{"start":{"line":127,"column":37},"end":{"line":153,"column":1}},"line":127},"7":{"name":"(anonymous_7)","decl":{"start":{"line":155,"column":33},"end":{"line":155,"column":34}},"loc":{"start":{"line":155,"column":53},"end":{"line":172,"column":1}},"line":155},"8":{"name":"(anonymous_8)","decl":{"start":{"line":174,"column":20},"end":{"line":174,"column":21}},"loc":{"start":{"line":174,"column":40},"end":{"line":181,"column":1}},"line":174}},"branchMap":{"0":{"loc":{"start":{"line":17,"column":8},"end":{"line":19,"column":9}},"type":"if","locations":[{"start":{"line":17,"column":8},"end":{"line":19,"column":9}},{"start":{},"end":{}}],"line":17},"1":{"loc":{"start":{"line":23,"column":8},"end":{"line":25,"column":9}},"type":"if","locations":[{"start":{"line":23,"column":8},"end":{"line":25,"column":9}},{"start":{},"end":{}}],"line":23},"2":{"loc":{"start":{"line":29,"column":8},"end":{"line":33,"column":9}},"type":"if","locations":[{"start":{"line":29,"column":8},"end":{"line":33,"column":9}},{"start":{},"end":{}}],"line":29},"3":{"loc":{"start":{"line":60,"column":21},"end":{"line":62,"column":56}},"type":"binary-expr","locations":[{"start":{"line":60,"column":21},"end":{"line":60,"column":50}},{"start":{"line":61,"column":21},"end":{"line":61,"column":51}},{"start":{"line":62,"column":21},"end":{"line":62,"column":56}}],"line":60},"4":{"loc":{"start":{"line":64,"column":8},"end":{"line":64,"column":83}},"type":"if","locations":[{"start":{"line":64,"column":8},"end":{"line":64,"column":83}},{"start":{},"end":{}}],"line":64},"5":{"loc":{"start":{"line":68,"column":8},"end":{"line":68,"column":86}},"type":"if","locations":[{"start":{"line":68,"column":8},"end":{"line":68,"column":86}},{"start":{},"end":{}}],"line":68},"6":{"loc":{"start":{"line":95,"column":6},"end":{"line":97,"column":7}},"type":"if","locations":[{"start":{"line":95,"column":6},"end":{"line":97,"column":7}},{"start":{},"end":{}}],"line":95},"7":{"loc":{"start":{"line":117,"column":8},"end":{"line":119,"column":9}},"type":"if","locations":[{"start":{"line":117,"column":8},"end":{"line":119,"column":9}},{"start":{},"end":{}}],"line":117},"8":{"loc":{"start":{"line":133,"column":4},"end":{"line":135,"column":5}},"type":"if","locations":[{"start":{"line":133,"column":4},"end":{"line":135,"column":5}},{"start":{},"end":{}}],"line":133},"9":{"loc":{"start":{"line":144,"column":4},"end":{"line":146,"column":5}},"type":"if","locations":[{"start":{"line":144,"column":4},"end":{"line":146,"column":5}},{"start":{},"end":{}}],"line":144}},"s":{"0":1,"1":1,"2":1,"3":1,"4":1,"5":1,"6":1,"7":1,"8":0,"9":0,"10":0,"11":0,"12":0,"13":0,"14":0,"15":0,"16":0,"17":0,"18":0,"19":0,"20":0,"21":0,"22":0,"23":0,"24":0,"25":0,"26":1,"27":5,"28":5,"29":5,"30":5,"31":0,"32":5,"33":5,"34":0,"35":5,"36":5,"37":0,"38":0,"39":1,"40":0,"41":0,"42":0,"43":0,"44":1,"45":0,"46":0,"47":0,"48":0,"49":0,"50":0,"51":1,"52":0,"53":0,"54":0,"55":0,"56":1,"57":0,"58":0,"59":0,"60":0,"61":0,"62":0,"63":1,"64":0,"65":0,"66":0,"67":0,"68":0,"69":0,"70":0,"71":0,"72":0,"73":0,"74":0,"75":1,"76":0,"77":0,"78":0,"79":0,"80":0,"81":0,"82":0,"83":0,"84":1,"85":0,"86":0,"87":0,"88":0},"f":{"0":0,"1":5,"2":0,"3":0,"4":0,"5":0,"6":0,"7":0,"8":0},"b":{"0":[0,0],"1":[0,0],"2":[0,0],"3":[5,2,1],"4":[0,5],"5":[0,5],"6":[0,0],"7":[0,0],"8":[0,0],"9":[0,0]},"_coverageSchema":"1a1c01bbd47fc00a2c39e90264f33305004495a9","hash":"f2f3e08c5c9842aa277b1c7fba7e9b121fb2b23d","contentHash":"d4fc534af4e1bb7545d263601624245b0eeeaa364a088534cc51c687982ec2be"},"C:\\Users\\91889\\OneDrive\\Desktop\\final-project\\backend\\models\\User.js":{"path":"C:\\Users\\91889\\OneDrive\\Desktop\\final-project\\backend\\models\\User.js","statementMap":{"0":{"start":{"line":2,"column":17},"end":{"line":2,"column":36}},"1":{"start":{"line":4,"column":19},"end":{"line":18,"column":24}},"2":{"start":{"line":22,"column":13},"end":{"line":22,"column":47}},"3":{"start":{"line":23,"column":0},"end":{"line":23,"column":22}}},"fnMap":{},"branchMap":{},"s":{"0":1,"1":1,"2":1,"3":1},"f":{},"b":{},"_coverageSchema":"1a1c01bbd47fc00a2c39e90264f33305004495a9","hash":"bdbf389b9d3f0b03c34947763c4509e513f25b58","contentHash":"af1863ddce2b655ae1b9d2ce7a8d35922bf892732754503c1e60356b4961b7a3"},"C:\\Users\\91889\\OneDrive\\Desktop\\final-project\\backend\\models\\Restaurant.js":{"path":"C:\\Users\\91889\\OneDrive\\Desktop\\final-project\\backend\\models\\Restaurant.js","statementMap":{"0":{"start":{"line":1,"column":17},"end":{"line":1,"column":36}},"1":{"start":{"line":2,"column":17},"end":{"line":2,"column":38}},"2":{"start":{"line":4,"column":25},"end":{"line":24,"column":24}},"3":{"start":{"line":26,"column":19},"end":{"line":26,"column":65}},"4":{"start":{"line":27,"column":0},"end":{"line":27,"column":28}}},"fnMap":{},"branchMap":{},"s":{"0":1,"1":1,"2":1,"3":1,"4":1},"f":{},"b":{},"_coverageSchema":"1a1c01bbd47fc00a2c39e90264f33305004495a9","hash":"3f6a8e7bae1d6c00b0d4abc3ac856c622c272553","contentHash":"b95a7ebf867777bda934d1f408f7d4e69b20c0b89ea761edc9b47130fc2cdb0a"},"C:\\Users\\91889\\OneDrive\\Desktop\\final-project\\backend\\models\\MenuItem.js":{"path":"C:\\Users\\91889\\OneDrive\\Desktop\\final-project\\backend\\models\\MenuItem.js","statementMap":{"0":{"start":{"line":1,"column":17},"end":{"line":1,"column":36}},"1":{"start":{"line":3,"column":23},"end":{"line":13,"column":2}},"2":{"start":{"line":16,"column":0},"end":{"line":16,"column":42}},"3":{"start":{"line":19,"column":17},"end":{"line":19,"column":59}},"4":{"start":{"line":21,"column":0},"end":{"line":21,"column":26}}},"fnMap":{},"branchMap":{},"s":{"0":1,"1":1,"2":1,"3":1,"4":1},"f":{},"b":{},"_coverageSchema":"1a1c01bbd47fc00a2c39e90264f33305004495a9","hash":"3b193624f6c1cdca0497db854dfcb94ac5d5df9f","contentHash":"ed4c29c5f7390d470feb623453728dfa960c6947d7584e283f99bae89449054f"},"C:\\Users\\91889\\OneDrive\\Desktop\\final-project\\backend\\models\\Admin.js":{"path":"C:\\Users\\91889\\OneDrive\\Desktop\\final-project\\backend\\models\\Admin.js","statementMap":{"0":{"start":{"line":2,"column":17},"end":{"line":2,"column":36}},"1":{"start":{"line":4,"column":20},"end":{"line":9,"column":24}},"2":{"start":{"line":12,"column":14},"end":{"line":12,"column":50}},"3":{"start":{"line":13,"column":0},"end":{"line":13,"column":23}}},"fnMap":{},"branchMap":{},"s":{"0":1,"1":1,"2":1,"3":1},"f":{},"b":{},"_coverageSchema":"1a1c01bbd47fc00a2c39e90264f33305004495a9","hash":"597caeb2e9b8f7c1bf17f0209120beb60127db61","contentHash":"f5e53e1cb5da5a4c2df12a5e1b126242e93ce7cc117a5866ffdefe5318103b3e"},"C:\\Users\\91889\\OneDrive\\Desktop\\final-project\\backend\\models\\Order.js":{"path":"C:\\Users\\91889\\OneDrive\\Desktop\\final-project\\backend\\models\\Order.js","statementMap":{"0":{"start":{"line":2,"column":17},"end":{"line":2,"column":36}},"1":{"start":{"line":4,"column":20},"end":{"line":18,"column":24}},"2":{"start":{"line":21,"column":0},"end":{"line":21,"column":44}},"3":{"start":{"line":23,"column":14},"end":{"line":23,"column":50}},"4":{"start":{"line":24,"column":0},"end":{"line":24,"column":23}}},"fnMap":{},"branchMap":{},"s":{"0":1,"1":1,"2":1,"3":1,"4":1},"f":{},"b":{},"_coverageSchema":"1a1c01bbd47fc00a2c39e90264f33305004495a9","hash":"eb06346f0c0eb6eeece5a4633aa7a5a1f100d14f","contentHash":"a0307e0fe8de9cfb7cda925132d7bcaca3f4ee9d6464332fbed1e202066a21d3"},"C:\\Users\\91889\\OneDrive\\Desktop\\final-project\\backend\\middleware\\authenticateToken.js":{"path":"C:\\Users\\91889\\OneDrive\\Desktop\\final-project\\backend\\middleware\\authenticateToken.js","statementMap":{"0":{"start":{"line":1,"column":12},"end":{"line":1,"column":35}},"1":{"start":{"line":2,"column":0},"end":{"line":2,"column":27}},"2":{"start":{"line":4,"column":26},"end":{"line":25,"column":1}},"3":{"start":{"line":7,"column":23},"end":{"line":7,"column":48}},"4":{"start":{"line":9,"column":4},"end":{"line":11,"column":5}},"5":{"start":{"line":10,"column":8},"end":{"line":10,"column":83}},"6":{"start":{"line":13,"column":18},"end":{"line":13,"column":42}},"7":{"start":{"line":15,"column":4},"end":{"line":24,"column":5}},"8":{"start":{"line":16,"column":26},"end":{"line":16,"column":48}},"9":{"start":{"line":17,"column":24},"end":{"line":17,"column":52}},"10":{"start":{"line":18,"column":8},"end":{"line":18,"column":27}},"11":{"start":{"line":20,"column":8},"end":{"line":20,"column":15}},"12":{"start":{"line":22,"column":8},"end":{"line":22,"column":59}},"13":{"start":{"line":23,"column":8},"end":{"line":23,"column":71}},"14":{"start":{"line":27,"column":0},"end":{"line":27,"column":35}}},"fnMap":{"0":{"name":"(anonymous_0)","decl":{"start":{"line":4,"column":26},"end":{"line":4,"column":27}},"loc":{"start":{"line":4,"column":46},"end":{"line":25,"column":1}},"line":4}},"branchMap":{"0":{"loc":{"start":{"line":9,"column":4},"end":{"line":11,"column":5}},"type":"if","locations":[{"start":{"line":9,"column":4},"end":{"line":11,"column":5}},{"start":{},"end":{}}],"line":9},"1":{"loc":{"start":{"line":9,"column":8},"end":{"line":9,"column":56}},"type":"binary-expr","locations":[{"start":{"line":9,"column":8},"end":{"line":9,"column":19}},{"start":{"line":9,"column":23},"end":{"line":9,"column":56}}],"line":9}},"s":{"0":1,"1":1,"2":1,"3":8,"4":8,"5":0,"6":8,"7":8,"8":8,"9":8,"10":8,"11":8,"12":0,"13":0,"14":1},"f":{"0":8},"b":{"0":[0,8],"1":[8,8]},"_coverageSchema":"1a1c01bbd47fc00a2c39e90264f33305004495a9","hash":"6bfa23cd3d05caa9418918493b5facce4dcbc514","contentHash":"12db49d7c8c508de366d4a4feda492c64b7f2ac9321aac849d0de0a007488951"},"C:\\Users\\91889\\OneDrive\\Desktop\\final-project\\backend\\middleware\\rateLimitMiddleware.js":{"path":"C:\\Users\\91889\\OneDrive\\Desktop\\final-project\\backend\\middleware\\rateLimitMiddleware.js","statementMap":{"0":{"start":{"line":1,"column":18},"end":{"line":1,"column":47}},"1":{"start":{"line":3,"column":20},"end":{"line":13,"column":2}},"2":{"start":{"line":15,"column":0},"end":{"line":15,"column":29}}},"fnMap":{},"branchMap":{},"s":{"0":1,"1":1,"2":1},"f":{},"b":{},"_coverageSchema":"1a1c01bbd47fc00a2c39e90264f33305004495a9","hash":"4395e5395833d94bb39cae110b8f8e7f1b492b52","contentHash":"6d39cf2eefad84594bb6f4fc3a48e10c886fee5594625b0a283aee0479b3d1a7"},"C:\\Users\\91889\\OneDrive\\Desktop\\final-project\\backend\\routes\\adminRoutes.js":{"path":"C:\\Users\\91889\\OneDrive\\Desktop\\final-project\\backend\\routes\\adminRoutes.js","statementMap":{"0":{"start":{"line":1,"column":16},"end":{"line":1,"column":34}},"1":{"start":{"line":2,"column":15},"end":{"line":2,"column":31}},"2":{"start":{"line":3,"column":24},"end":{"line":3,"column":65}},"3":{"start":{"line":156,"column":0},"end":{"line":156,"column":61}},"4":{"start":{"line":157,"column":0},"end":{"line":157,"column":54}},"5":{"start":{"line":158,"column":0},"end":{"line":158,"column":56}},"6":{"start":{"line":159,"column":0},"end":{"line":159,"column":48}},"7":{"start":{"line":160,"column":0},"end":{"line":160,"column":61}},"8":{"start":{"line":161,"column":0},"end":{"line":161,"column":70}},"9":{"start":{"line":162,"column":0},"end":{"line":162,"column":66}},"10":{"start":{"line":163,"column":0},"end":{"line":163,"column":65}},"11":{"start":{"line":171,"column":0},"end":{"line":171,"column":24}}},"fnMap":{},"branchMap":{},"s":{"0":1,"1":1,"2":1,"3":1,"4":1,"5":1,"6":1,"7":1,"8":1,"9":1,"10":1,"11":1},"f":{},"b":{},"_coverageSchema":"1a1c01bbd47fc00a2c39e90264f33305004495a9","hash":"a38da58463839f0f4d22f6df0f7b4945e5165195","contentHash":"38e662e26852af7174e2710d4430de898ca43278db6f8a2b42c9037734e3717d"},"C:\\Users\\91889\\OneDrive\\Desktop\\final-project\\backend\\controllers\\adminController.js":{"path":"C:\\Users\\91889\\OneDrive\\Desktop\\final-project\\backend\\controllers\\adminController.js","statementMap":{"0":{"start":{"line":1,"column":15},"end":{"line":1,"column":34}},"1":{"start":{"line":2,"column":12},"end":{"line":2,"column":35}},"2":{"start":{"line":3,"column":14},"end":{"line":3,"column":40}},"3":{"start":{"line":4,"column":19},"end":{"line":4,"column":50}},"4":{"start":{"line":5,"column":14},"end":{"line":5,"column":40}},"5":{"start":{"line":6,"column":17},"end":{"line":6,"column":36}},"6":{"start":{"line":7,"column":13},"end":{"line":7,"column":38}},"7":{"start":{"line":9,"column":0},"end":{"line":26,"column":4}},"8":{"start":{"line":10,"column":4},"end":{"line":25,"column":5}},"9":{"start":{"line":11,"column":47},"end":{"line":11,"column":55}},"10":{"start":{"line":12,"column":21},"end":{"line":12,"column":28}},"11":{"start":{"line":13,"column":31},"end":{"line":13,"column":62}},"12":{"start":{"line":15,"column":25},"end":{"line":20,"column":10}},"13":{"start":{"line":21,"column":8},"end":{"line":21,"column":30}},"14":{"start":{"line":22,"column":8},"end":{"line":22,"column":64}},"15":{"start":{"line":24,"column":8},"end":{"line":24,"column":67}},"16":{"start":{"line":28,"column":2},"end":{"line":35,"column":4}},"17":{"start":{"line":29,"column":4},"end":{"line":34,"column":5}},"18":{"start":{"line":30,"column":26},"end":{"line":30,"column":49}},"19":{"start":{"line":31,"column":6},"end":{"line":31,"column":40}},"20":{"start":{"line":33,"column":6},"end":{"line":33,"column":69}},"21":{"start":{"line":37,"column":2},"end":{"line":47,"column":4}},"22":{"start":{"line":38,"column":4},"end":{"line":46,"column":5}},"23":{"start":{"line":39,"column":25},"end":{"line":39,"column":74}},"24":{"start":{"line":40,"column":6},"end":{"line":42,"column":7}},"25":{"start":{"line":41,"column":8},"end":{"line":41,"column":71}},"26":{"start":{"line":43,"column":6},"end":{"line":43,"column":75}},"27":{"start":{"line":45,"column":6},"end":{"line":45,"column":69}},"28":{"start":{"line":50,"column":2},"end":{"line":57,"column":2}},"29":{"start":{"line":51,"column":4},"end":{"line":56,"column":5}},"30":{"start":{"line":52,"column":22},"end":{"line":52,"column":39}},"31":{"start":{"line":53,"column":8},"end":{"line":53,"column":36}},"32":{"start":{"line":55,"column":8},"end":{"line":55,"column":65}},"33":{"start":{"line":74,"column":0},"end":{"line":90,"column":2}},"34":{"start":{"line":75,"column":2},"end":{"line":89,"column":3}},"35":{"start":{"line":77,"column":21},"end":{"line":77,"column":63}},"36":{"start":{"line":79,"column":19},"end":{"line":79,"column":55}},"37":{"start":{"line":81,"column":6},"end":{"line":83,"column":7}},"38":{"start":{"line":82,"column":10},"end":{"line":82,"column":67}},"39":{"start":{"line":85,"column":6},"end":{"line":85,"column":69}},"40":{"start":{"line":87,"column":6},"end":{"line":87,"column":51}},"41":{"start":{"line":88,"column":6},"end":{"line":88,"column":63}},"42":{"start":{"line":92,"column":0},"end":{"line":106,"column":2}},"43":{"start":{"line":93,"column":2},"end":{"line":105,"column":3}},"44":{"start":{"line":94,"column":19},"end":{"line":100,"column":49}},"45":{"start":{"line":102,"column":4},"end":{"line":102,"column":21}},"46":{"start":{"line":104,"column":4},"end":{"line":104,"column":76}},"47":{"start":{"line":109,"column":0},"end":{"line":118,"column":2}},"48":{"start":{"line":110,"column":2},"end":{"line":117,"column":3}},"49":{"start":{"line":111,"column":25},"end":{"line":113,"column":6}},"50":{"start":{"line":114,"column":4},"end":{"line":114,"column":30}},"51":{"start":{"line":116,"column":4},"end":{"line":116,"column":51}},"52":{"start":{"line":121,"column":0},"end":{"line":130,"column":2}},"53":{"start":{"line":122,"column":2},"end":{"line":129,"column":3}},"54":{"start":{"line":123,"column":32},"end":{"line":125,"column":6}},"55":{"start":{"line":126,"column":4},"end":{"line":126,"column":34}},"56":{"start":{"line":128,"column":4},"end":{"line":128,"column":51}},"57":{"start":{"line":133,"column":0},"end":{"line":142,"column":2}},"58":{"start":{"line":134,"column":2},"end":{"line":141,"column":3}},"59":{"start":{"line":135,"column":27},"end":{"line":137,"column":6}},"60":{"start":{"line":138,"column":4},"end":{"line":138,"column":29}},"61":{"start":{"line":140,"column":4},"end":{"line":140,"column":51}},"62":{"start":{"line":145,"column":0},"end":{"line":157,"column":2}},"63":{"start":{"line":146,"column":2},"end":{"line":156,"column":3}},"64":{"start":{"line":147,"column":29},"end":{"line":152,"column":6}},"65":{"start":{"line":153,"column":4},"end":{"line":153,"column":31}},"66":{"start":{"line":155,"column":4},"end":{"line":155,"column":51}},"67":{"start":{"line":160,"column":0},"end":{"line":170,"column":2}},"68":{"start":{"line":161,"column":2},"end":{"line":169,"column":3}},"69":{"start":{"line":162,"column":27},"end":{"line":165,"column":6}},"70":{"start":{"line":166,"column":4},"end":{"line":166,"column":29}},"71":{"start":{"line":168,"column":4},"end":{"line":168,"column":51}}},"fnMap":{"0":{"name":"(anonymous_0)","decl":{"start":{"line":9,"column":24},"end":{"line":9,"column":25}},"loc":{"start":{"line":9,"column":44},"end":{"line":26,"column":3}},"line":9},"1":{"name":"(anonymous_1)","decl":{"start":{"line":28,"column":34},"end":{"line":28,"column":35}},"loc":{"start":{"line":28,"column":54},"end":{"line":35,"column":3}},"line":28},"2":{"name":"(anonymous_2)","decl":{"start":{"line":37,"column":29},"end":{"line":37,"column":30}},"loc":{"start":{"line":37,"column":49},"end":{"line":47,"column":3}},"line":37},"3":{"name":"(anonymous_3)","decl":{"start":{"line":50,"column":24},"end":{"line":50,"column":25}},"loc":{"start":{"line":50,"column":44},"end":{"line":57,"column":1}},"line":50},"4":{"name":"(anonymous_4)","decl":{"start":{"line":74,"column":21},"end":{"line":74,"column":22}},"loc":{"start":{"line":74,"column":41},"end":{"line":90,"column":1}},"line":74},"5":{"name":"(anonymous_5)","decl":{"start":{"line":92,"column":20},"end":{"line":92,"column":21}},"loc":{"start":{"line":92,"column":40},"end":{"line":106,"column":1}},"line":92},"6":{"name":"(anonymous_6)","decl":{"start":{"line":109,"column":26},"end":{"line":109,"column":27}},"loc":{"start":{"line":109,"column":46},"end":{"line":118,"column":1}},"line":109},"7":{"name":"(anonymous_7)","decl":{"start":{"line":121,"column":34},"end":{"line":121,"column":35}},"loc":{"start":{"line":121,"column":54},"end":{"line":130,"column":1}},"line":121},"8":{"name":"(anonymous_8)","decl":{"start":{"line":133,"column":28},"end":{"line":133,"column":29}},"loc":{"start":{"line":133,"column":48},"end":{"line":142,"column":1}},"line":133},"9":{"name":"(anonymous_9)","decl":{"start":{"line":145,"column":30},"end":{"line":145,"column":31}},"loc":{"start":{"line":145,"column":50},"end":{"line":157,"column":1}},"line":145},"10":{"name":"(anonymous_10)","decl":{"start":{"line":160,"column":28},"end":{"line":160,"column":29}},"loc":{"start":{"line":160,"column":48},"end":{"line":170,"column":1}},"line":160}},"branchMap":{"0":{"loc":{"start":{"line":40,"column":6},"end":{"line":42,"column":7}},"type":"if","locations":[{"start":{"line":40,"column":6},"end":{"line":42,"column":7}},{"start":{},"end":{}}],"line":40},"1":{"loc":{"start":{"line":81,"column":6},"end":{"line":83,"column":7}},"type":"if","locations":[{"start":{"line":81,"column":6},"end":{"line":83,"column":7}},{"start":{},"end":{}}],"line":81}},"s":{"0":1,"1":1,"2":1,"3":1,"4":1,"5":1,"6":1,"7":1,"8":0,"9":0,"10":0,"11":0,"12":0,"13":0,"14":0,"15":0,"16":1,"17":0,"18":0,"19":0,"20":0,"21":1,"22":0,"23":0,"24":0,"25":0,"26":0,"27":0,"28":1,"29":0,"30":0,"31":0,"32":0,"33":1,"34":0,"35":0,"36":0,"37":0,"38":0,"39":0,"40":0,"41":0,"42":1,"43":0,"44":0,"45":0,"46":0,"47":1,"48":0,"49":0,"50":0,"51":0,"52":1,"53":0,"54":0,"55":0,"56":0,"57":1,"58":0,"59":0,"60":0,"61":0,"62":1,"63":0,"64":0,"65":0,"66":0,"67":1,"68":0,"69":0,"70":0,"71":0},"f":{"0":0,"1":0,"2":0,"3":0,"4":0,"5":0,"6":0,"7":0,"8":0,"9":0,"10":0},"b":{"0":[0,0],"1":[0,0]},"_coverageSchema":"1a1c01bbd47fc00a2c39e90264f33305004495a9","hash":"015beb26caaeaca97f9350f3ed0895cb1d6ff0c9","contentHash":"0f3962f00c6ffbb3bc8b361bb28231bb7f98149f33351df4877f763bc1ba09b5"},"C:\\Users\\91889\\OneDrive\\Desktop\\final-project\\backend\\routes\\resRoutes.js":{"path":"C:\\Users\\91889\\OneDrive\\Desktop\\final-project\\backend\\routes\\resRoutes.js","statementMap":{"0":{"start":{"line":1,"column":16},"end":{"line":1,"column":34}},"1":{"start":{"line":2,"column":15},"end":{"line":2,"column":31}},"2":{"start":{"line":3,"column":30},"end":{"line":3,"column":69}},"3":{"start":{"line":4,"column":15},"end":{"line":4,"column":32}},"4":{"start":{"line":5,"column":26},"end":{"line":5,"column":68}},"5":{"start":{"line":8,"column":16},"end":{"line":15,"column":2}},"6":{"start":{"line":10,"column":8},"end":{"line":10,"column":29}},"7":{"start":{"line":13,"column":8},"end":{"line":13,"column":55}},"8":{"start":{"line":19,"column":15},"end":{"line":19,"column":43}},"9":{"start":{"line":21,"column":0},"end":{"line":34,"column":46}},"10":{"start":{"line":36,"column":25},"end":{"line":41,"column":1}},"11":{"start":{"line":37,"column":4},"end":{"line":39,"column":5}},"12":{"start":{"line":38,"column":8},"end":{"line":38,"column":87}},"13":{"start":{"line":40,"column":4},"end":{"line":40,"column":11}},"14":{"start":{"line":166,"column":0},"end":{"line":166,"column":104}},"15":{"start":{"line":167,"column":0},"end":{"line":167,"column":83}},"16":{"start":{"line":168,"column":0},"end":{"line":168,"column":103}},"17":{"start":{"line":169,"column":0},"end":{"line":169,"column":112}},"18":{"start":{"line":170,"column":0},"end":{"line":170,"column":89}},"19":{"start":{"line":171,"column":0},"end":{"line":171,"column":82}},"20":{"start":{"line":172,"column":0},"end":{"line":172,"column":79}},"21":{"start":{"line":173,"column":0},"end":{"line":173,"column":77}},"22":{"start":{"line":174,"column":0},"end":{"line":174,"column":73}},"23":{"start":{"line":177,"column":0},"end":{"line":177,"column":24}}},"fnMap":{"0":{"name":"(anonymous_0)","decl":{"start":{"line":9,"column":17},"end":{"line":9,"column":18}},"loc":{"start":{"line":9,"column":42},"end":{"line":11,"column":5}},"line":9},"1":{"name":"(anonymous_1)","decl":{"start":{"line":12,"column":14},"end":{"line":12,"column":15}},"loc":{"start":{"line":12,"column":39},"end":{"line":14,"column":5}},"line":12},"2":{"name":"(anonymous_2)","decl":{"start":{"line":36,"column":25},"end":{"line":36,"column":26}},"loc":{"start":{"line":36,"column":45},"end":{"line":41,"column":1}},"line":36}},"branchMap":{"0":{"loc":{"start":{"line":37,"column":4},"end":{"line":39,"column":5}},"type":"if","locations":[{"start":{"line":37,"column":4},"end":{"line":39,"column":5}},{"start":{},"end":{}}],"line":37}},"s":{"0":1,"1":1,"2":1,"3":1,"4":1,"5":1,"6":0,"7":0,"8":1,"9":1,"10":1,"11":1,"12":0,"13":1,"14":1,"15":1,"16":1,"17":1,"18":1,"19":1,"20":1,"21":1,"22":1,"23":1},"f":{"0":0,"1":0,"2":1},"b":{"0":[0,1]},"_coverageSchema":"1a1c01bbd47fc00a2c39e90264f33305004495a9","hash":"384b72059178d2b163237898e2767a2a2a40f4a8","contentHash":"30513f4c30be4f5517ae3b4a0362f220b5c66b9c30f99b5b088984264b03ad99"},"C:\\Users\\91889\\OneDrive\\Desktop\\final-project\\backend\\controllers\\resController.js":{"path":"C:\\Users\\91889\\OneDrive\\Desktop\\final-project\\backend\\controllers\\resController.js","statementMap":{"0":{"start":{"line":1,"column":19},"end":{"line":1,"column":50}},"1":{"start":{"line":2,"column":15},"end":{"line":2,"column":34}},"2":{"start":{"line":3,"column":17},"end":{"line":3,"column":36}},"3":{"start":{"line":4,"column":17},"end":{"line":4,"column":46}},"4":{"start":{"line":5,"column":14},"end":{"line":5,"column":40}},"5":{"start":{"line":6,"column":15},"end":{"line":6,"column":42}},"6":{"start":{"line":8,"column":0},"end":{"line":85,"column":4}},"7":{"start":{"line":9,"column":4},"end":{"line":84,"column":5}},"8":{"start":{"line":23,"column":10},"end":{"line":23,"column":18}},"9":{"start":{"line":26,"column":29},"end":{"line":26,"column":60}},"10":{"start":{"line":27,"column":19},"end":{"line":27,"column":31}},"11":{"start":{"line":30,"column":19},"end":{"line":30,"column":71}},"12":{"start":{"line":31,"column":25},"end":{"line":31,"column":102}},"13":{"start":{"line":31,"column":87},"end":{"line":31,"column":96}},"14":{"start":{"line":32,"column":26},"end":{"line":32,"column":92}},"15":{"start":{"line":33,"column":34},"end":{"line":33,"column":116}},"16":{"start":{"line":36,"column":28},"end":{"line":53,"column":8}},"17":{"start":{"line":56,"column":30},"end":{"line":56,"column":56}},"18":{"start":{"line":61,"column":33},"end":{"line":71,"column":9}},"19":{"start":{"line":61,"column":65},"end":{"line":71,"column":7}},"20":{"start":{"line":74,"column":31},"end":{"line":74,"column":76}},"21":{"start":{"line":77,"column":6},"end":{"line":77,"column":73}},"22":{"start":{"line":77,"column":63},"end":{"line":77,"column":71}},"23":{"start":{"line":78,"column":6},"end":{"line":78,"column":35}},"24":{"start":{"line":80,"column":6},"end":{"line":80,"column":54}},"25":{"start":{"line":82,"column":6},"end":{"line":82,"column":27}},"26":{"start":{"line":83,"column":6},"end":{"line":83,"column":59}},"27":{"start":{"line":88,"column":2},"end":{"line":110,"column":2}},"28":{"start":{"line":89,"column":4},"end":{"line":109,"column":5}},"29":{"start":{"line":90,"column":29},"end":{"line":90,"column":44}},"30":{"start":{"line":92,"column":8},"end":{"line":94,"column":9}},"31":{"start":{"line":93,"column":12},"end":{"line":93,"column":65}},"32":{"start":{"line":96,"column":27},"end":{"line":96,"column":66}},"33":{"start":{"line":97,"column":8},"end":{"line":99,"column":9}},"34":{"start":{"line":98,"column":12},"end":{"line":98,"column":64}},"35":{"start":{"line":101,"column":8},"end":{"line":103,"column":9}},"36":{"start":{"line":102,"column":12},"end":{"line":102,"column":38}},"37":{"start":{"line":105,"column":8},"end":{"line":105,"column":29}},"38":{"start":{"line":107,"column":8},"end":{"line":107,"column":29}},"39":{"start":{"line":108,"column":8},"end":{"line":108,"column":56}},"40":{"start":{"line":113,"column":0},"end":{"line":129,"column":2}},"41":{"start":{"line":114,"column":2},"end":{"line":128,"column":3}},"42":{"start":{"line":115,"column":27},"end":{"line":115,"column":42}},"43":{"start":{"line":116,"column":6},"end":{"line":116,"column":32}},"44":{"start":{"line":117,"column":25},"end":{"line":117,"column":86}},"45":{"start":{"line":119,"column":6},"end":{"line":121,"column":7}},"46":{"start":{"line":120,"column":10},"end":{"line":120,"column":62}},"47":{"start":{"line":124,"column":6},"end":{"line":124,"column":37}},"48":{"start":{"line":126,"column":6},"end":{"line":126,"column":61}},"49":{"start":{"line":127,"column":6},"end":{"line":127,"column":60}},"50":{"start":{"line":133,"column":0},"end":{"line":165,"column":2}},"51":{"start":{"line":134,"column":2},"end":{"line":164,"column":3}},"52":{"start":{"line":135,"column":4},"end":{"line":135,"column":23}},"53":{"start":{"line":136,"column":63},"end":{"line":136,"column":71}},"54":{"start":{"line":137,"column":20},"end":{"line":137,"column":55}},"55":{"start":{"line":140,"column":26},"end":{"line":148,"column":8}},"56":{"start":{"line":151,"column":28},"end":{"line":151,"column":52}},"57":{"start":{"line":152,"column":6},"end":{"line":152,"column":33}},"58":{"start":{"line":154,"column":6},"end":{"line":158,"column":8}},"59":{"start":{"line":160,"column":6},"end":{"line":160,"column":97}},"60":{"start":{"line":162,"column":6},"end":{"line":162,"column":54}},"61":{"start":{"line":163,"column":6},"end":{"line":163,"column":66}},"62":{"start":{"line":169,"column":0},"end":{"line":203,"column":2}},"63":{"start":{"line":170,"column":2},"end":{"line":202,"column":3}},"64":{"start":{"line":171,"column":62},"end":{"line":171,"column":70}},"65":{"start":{"line":172,"column":20},"end":{"line":172,"column":55}},"66":{"start":{"line":174,"column":27},"end":{"line":174,"column":75}},"67":{"start":{"line":175,"column":6},"end":{"line":177,"column":7}},"68":{"start":{"line":176,"column":10},"end":{"line":176,"column":37}},"69":{"start":{"line":180,"column":6},"end":{"line":180,"column":32}},"70":{"start":{"line":181,"column":23},"end":{"line":181,"column":61}},"71":{"start":{"line":183,"column":6},"end":{"line":183,"column":28}},"72":{"start":{"line":185,"column":6},"end":{"line":187,"column":7}},"73":{"start":{"line":186,"column":10},"end":{"line":186,"column":74}},"74":{"start":{"line":190,"column":6},"end":{"line":192,"column":7}},"75":{"start":{"line":191,"column":10},"end":{"line":191,"column":106}},"76":{"start":{"line":195,"column":6},"end":{"line":195,"column":44}},"77":{"start":{"line":196,"column":6},"end":{"line":196,"column":28}},"78":{"start":{"line":198,"column":6},"end":{"line":198,"column":72}},"79":{"start":{"line":200,"column":6},"end":{"line":200,"column":56}},"80":{"start":{"line":201,"column":6},"end":{"line":201,"column":69}},"81":{"start":{"line":207,"column":0},"end":{"line":237,"column":2}},"82":{"start":{"line":208,"column":2},"end":{"line":236,"column":3}},"83":{"start":{"line":209,"column":21},"end":{"line":209,"column":34}},"84":{"start":{"line":212,"column":23},"end":{"line":212,"column":54}},"85":{"start":{"line":214,"column":6},"end":{"line":216,"column":7}},"86":{"start":{"line":215,"column":10},"end":{"line":215,"column":74}},"87":{"start":{"line":219,"column":6},"end":{"line":221,"column":7}},"88":{"start":{"line":220,"column":10},"end":{"line":220,"column":106}},"89":{"start":{"line":224,"column":6},"end":{"line":224,"column":47}},"90":{"start":{"line":227,"column":6},"end":{"line":230,"column":8}},"91":{"start":{"line":232,"column":6},"end":{"line":232,"column":62}},"92":{"start":{"line":234,"column":6},"end":{"line":234,"column":56}},"93":{"start":{"line":235,"column":6},"end":{"line":235,"column":68}},"94":{"start":{"line":240,"column":0},"end":{"line":258,"column":2}},"95":{"start":{"line":241,"column":25},"end":{"line":241,"column":40}},"96":{"start":{"line":243,"column":4},"end":{"line":257,"column":5}},"97":{"start":{"line":244,"column":23},"end":{"line":250,"column":14}},"98":{"start":{"line":254,"column":8},"end":{"line":254,"column":25}},"99":{"start":{"line":256,"column":8},"end":{"line":256,"column":80}},"100":{"start":{"line":262,"column":0},"end":{"line":281,"column":2}},"101":{"start":{"line":263,"column":24},"end":{"line":263,"column":34}},"102":{"start":{"line":264,"column":23},"end":{"line":264,"column":31}},"103":{"start":{"line":266,"column":4},"end":{"line":280,"column":5}},"104":{"start":{"line":267,"column":29},"end":{"line":271,"column":9}},"105":{"start":{"line":273,"column":8},"end":{"line":275,"column":9}},"106":{"start":{"line":274,"column":12},"end":{"line":274,"column":72}},"107":{"start":{"line":277,"column":8},"end":{"line":277,"column":31}},"108":{"start":{"line":279,"column":8},"end":{"line":279,"column":80}},"109":{"start":{"line":285,"column":0},"end":{"line":317,"column":2}},"110":{"start":{"line":287,"column":4},"end":{"line":287,"column":25}},"111":{"start":{"line":288,"column":25},"end":{"line":288,"column":40}},"112":{"start":{"line":290,"column":4},"end":{"line":316,"column":5}},"113":{"start":{"line":291,"column":27},"end":{"line":293,"column":34}},"114":{"start":{"line":295,"column":8},"end":{"line":297,"column":9}},"115":{"start":{"line":296,"column":12},"end":{"line":296,"column":76}},"116":{"start":{"line":299,"column":29},"end":{"line":299,"column":54}},"117":{"start":{"line":301,"column":12},"end":{"line":301,"column":98}},"118":{"start":{"line":301,"column":55},"end":{"line":301,"column":74}},"119":{"start":{"line":303,"column":29},"end":{"line":306,"column":40}},"120":{"start":{"line":308,"column":8},"end":{"line":312,"column":11}},"121":{"start":{"line":314,"column":8},"end":{"line":314,"column":27}},"122":{"start":{"line":315,"column":8},"end":{"line":315,"column":75}},"123":{"start":{"line":320,"column":0},"end":{"line":336,"column":2}},"124":{"start":{"line":321,"column":25},"end":{"line":321,"column":40}},"125":{"start":{"line":323,"column":4},"end":{"line":335,"column":5}},"126":{"start":{"line":325,"column":24},"end":{"line":325,"column":106}},"127":{"start":{"line":327,"column":8},"end":{"line":329,"column":9}},"128":{"start":{"line":328,"column":12},"end":{"line":328,"column":92}},"129":{"start":{"line":331,"column":8},"end":{"line":331,"column":38}},"130":{"start":{"line":333,"column":8},"end":{"line":333,"column":54}},"131":{"start":{"line":334,"column":8},"end":{"line":334,"column":68}}},"fnMap":{"0":{"name":"(anonymous_0)","decl":{"start":{"line":8,"column":27},"end":{"line":8,"column":28}},"loc":{"start":{"line":8,"column":47},"end":{"line":85,"column":3}},"line":8},"1":{"name":"(anonymous_1)","decl":{"start":{"line":31,"column":79},"end":{"line":31,"column":80}},"loc":{"start":{"line":31,"column":87},"end":{"line":31,"column":96}},"line":31},"2":{"name":"(anonymous_2)","decl":{"start":{"line":61,"column":47},"end":{"line":61,"column":48}},"loc":{"start":{"line":61,"column":65},"end":{"line":71,"column":7}},"line":61},"3":{"name":"(anonymous_3)","decl":{"start":{"line":77,"column":55},"end":{"line":77,"column":56}},"loc":{"start":{"line":77,"column":63},"end":{"line":77,"column":71}},"line":77},"4":{"name":"(anonymous_4)","decl":{"start":{"line":88,"column":28},"end":{"line":88,"column":29}},"loc":{"start":{"line":88,"column":48},"end":{"line":110,"column":1}},"line":88},"5":{"name":"(anonymous_5)","decl":{"start":{"line":113,"column":31},"end":{"line":113,"column":32}},"loc":{"start":{"line":113,"column":51},"end":{"line":129,"column":1}},"line":113},"6":{"name":"(anonymous_6)","decl":{"start":{"line":133,"column":22},"end":{"line":133,"column":23}},"loc":{"start":{"line":133,"column":42},"end":{"line":165,"column":1}},"line":133},"7":{"name":"(anonymous_7)","decl":{"start":{"line":169,"column":25},"end":{"line":169,"column":26}},"loc":{"start":{"line":169,"column":45},"end":{"line":203,"column":1}},"line":169},"8":{"name":"(anonymous_8)","decl":{"start":{"line":207,"column":25},"end":{"line":207,"column":26}},"loc":{"start":{"line":207,"column":45},"end":{"line":237,"column":1}},"line":207},"9":{"name":"(anonymous_9)","decl":{"start":{"line":240,"column":30},"end":{"line":240,"column":31}},"loc":{"start":{"line":240,"column":50},"end":{"line":258,"column":1}},"line":240},"10":{"name":"(anonymous_10)","decl":{"start":{"line":262,"column":28},"end":{"line":262,"column":29}},"loc":{"start":{"line":262,"column":48},"end":{"line":281,"column":1}},"line":262},"11":{"name":"(anonymous_11)","decl":{"start":{"line":285,"column":21},"end":{"line":285,"column":22}},"loc":{"start":{"line":285,"column":41},"end":{"line":317,"column":1}},"line":285},"12":{"name":"(anonymous_12)","decl":{"start":{"line":301,"column":38},"end":{"line":301,"column":39}},"loc":{"start":{"line":301,"column":55},"end":{"line":301,"column":74}},"line":301},"13":{"name":"(anonymous_13)","decl":{"start":{"line":320,"column":18},"end":{"line":320,"column":19}},"loc":{"start":{"line":320,"column":38},"end":{"line":336,"column":1}},"line":320}},"branchMap":{"0":{"loc":{"start":{"line":30,"column":19},"end":{"line":30,"column":71}},"type":"cond-expr","locations":[{"start":{"line":30,"column":39},"end":{"line":30,"column":64}},{"start":{"line":30,"column":67},"end":{"line":30,"column":71}}],"line":30},"1":{"loc":{"start":{"line":31,"column":25},"end":{"line":31,"column":102}},"type":"cond-expr","locations":[{"start":{"line":31,"column":51},"end":{"line":31,"column":97}},{"start":{"line":31,"column":100},"end":{"line":31,"column":102}}],"line":31},"2":{"loc":{"start":{"line":32,"column":26},"end":{"line":32,"column":92}},"type":"cond-expr","locations":[{"start":{"line":32,"column":53},"end":{"line":32,"column":85}},{"start":{"line":32,"column":88},"end":{"line":32,"column":92}}],"line":32},"3":{"loc":{"start":{"line":33,"column":34},"end":{"line":33,"column":116}},"type":"cond-expr","locations":[{"start":{"line":33,"column":69},"end":{"line":33,"column":109}},{"start":{"line":33,"column":112},"end":{"line":33,"column":116}}],"line":33},"4":{"loc":{"start":{"line":66,"column":15},"end":{"line":66,"column":115}},"type":"cond-expr","locations":[{"start":{"line":66,"column":57},"end":{"line":66,"column":108}},{"start":{"line":66,"column":111},"end":{"line":66,"column":115}}],"line":66},"5":{"loc":{"start":{"line":92,"column":8},"end":{"line":94,"column":9}},"type":"if","locations":[{"start":{"line":92,"column":8},"end":{"line":94,"column":9}},{"start":{},"end":{}}],"line":92},"6":{"loc":{"start":{"line":97,"column":8},"end":{"line":99,"column":9}},"type":"if","locations":[{"start":{"line":97,"column":8},"end":{"line":99,"column":9}},{"start":{},"end":{}}],"line":97},"7":{"loc":{"start":{"line":101,"column":8},"end":{"line":103,"column":9}},"type":"if","locations":[{"start":{"line":101,"column":8},"end":{"line":103,"column":9}},{"start":{},"end":{}}],"line":101},"8":{"loc":{"start":{"line":119,"column":6},"end":{"line":121,"column":7}},"type":"if","locations":[{"start":{"line":119,"column":6},"end":{"line":121,"column":7}},{"start":{},"end":{}}],"line":119},"9":{"loc":{"start":{"line":137,"column":20},"end":{"line":137,"column":55}},"type":"cond-expr","locations":[{"start":{"line":137,"column":31},"end":{"line":137,"column":48}},{"start":{"line":137,"column":51},"end":{"line":137,"column":55}}],"line":137},"10":{"loc":{"start":{"line":172,"column":20},"end":{"line":172,"column":55}},"type":"cond-expr","locations":[{"start":{"line":172,"column":31},"end":{"line":172,"column":48}},{"start":{"line":172,"column":51},"end":{"line":172,"column":55}}],"line":172},"11":{"loc":{"start":{"line":175,"column":6},"end":{"line":177,"column":7}},"type":"if","locations":[{"start":{"line":175,"column":6},"end":{"line":177,"column":7}},{"start":{},"end":{}}],"line":175},"12":{"loc":{"start":{"line":185,"column":6},"end":{"line":187,"column":7}},"type":"if","locations":[{"start":{"line":185,"column":6},"end":{"line":187,"column":7}},{"start":{},"end":{}}],"line":185},"13":{"loc":{"start":{"line":190,"column":6},"end":{"line":192,"column":7}},"type":"if","locations":[{"start":{"line":190,"column":6},"end":{"line":192,"column":7}},{"start":{},"end":{}}],"line":190},"14":{"loc":{"start":{"line":214,"column":6},"end":{"line":216,"column":7}},"type":"if","locations":[{"start":{"line":214,"column":6},"end":{"line":216,"column":7}},{"start":{},"end":{}}],"line":214},"15":{"loc":{"start":{"line":219,"column":6},"end":{"line":221,"column":7}},"type":"if","locations":[{"start":{"line":219,"column":6},"end":{"line":221,"column":7}},{"start":{},"end":{}}],"line":219},"16":{"loc":{"start":{"line":273,"column":8},"end":{"line":275,"column":9}},"type":"if","locations":[{"start":{"line":273,"column":8},"end":{"line":275,"column":9}},{"start":{},"end":{}}],"line":273},"17":{"loc":{"start":{"line":295,"column":8},"end":{"line":297,"column":9}},"type":"if","locations":[{"start":{"line":295,"column":8},"end":{"line":297,"column":9}},{"start":{},"end":{}}],"line":295},"18":{"loc":{"start":{"line":301,"column":12},"end":{"line":301,"column":98}},"type":"binary-expr","locations":[{"start":{"line":301,"column":12},"end":{"line":301,"column":93}},{"start":{"line":301,"column":97},"end":{"line":301,"column":98}}],"line":301},"19":{"loc":{"start":{"line":327,"column":8},"end":{"line":329,"column":9}},"type":"if","locations":[{"start":{"line":327,"column":8},"end":{"line":329,"column":9}},{"start":{},"end":{}}],"line":327}},"s":{"0":1,"1":1,"2":1,"3":1,"4":1,"5":1,"6":1,"7":0,"8":0,"9":0,"10":0,"11":0,"12":0,"13":0,"14":0,"15":0,"16":0,"17":0,"18":0,"19":0,"20":0,"21":0,"22":0,"23":0,"24":0,"25":0,"26":0,"27":1,"28":1,"29":1,"30":1,"31":0,"32":1,"33":1,"34":0,"35":1,"36":0,"37":1,"38":0,"39":0,"40":1,"41":1,"42":1,"43":1,"44":1,"45":1,"46":0,"47":1,"48":0,"49":0,"50":1,"51":0,"52":0,"53":0,"54":0,"55":0,"56":0,"57":0,"58":0,"59":0,"60":0,"61":0,"62":1,"63":0,"64":0,"65":0,"66":0,"67":0,"68":0,"69":0,"70":0,"71":0,"72":0,"73":0,"74":0,"75":0,"76":0,"77":0,"78":0,"79":0,"80":0,"81":1,"82":0,"83":0,"84":0,"85":0,"86":0,"87":0,"88":0,"89":0,"90":0,"91":0,"92":0,"93":0,"94":1,"95":0,"96":0,"97":0,"98":0,"99":0,"100":1,"101":0,"102":0,"103":0,"104":0,"105":0,"106":0,"107":0,"108":0,"109":1,"110":1,"111":1,"112":1,"113":1,"114":1,"115":0,"116":1,"117":1,"118":1,"119":1,"120":1,"121":0,"122":0,"123":1,"124":1,"125":1,"126":1,"127":1,"128":0,"129":1,"130":0,"131":0},"f":{"0":0,"1":0,"2":0,"3":0,"4":1,"5":1,"6":0,"7":0,"8":0,"9":0,"10":0,"11":1,"12":1,"13":1},"b":{"0":[0,0],"1":[0,0],"2":[0,0],"3":[0,0],"4":[0,0],"5":[0,1],"6":[0,1],"7":[0,1],"8":[0,1],"9":[0,0],"10":[0,0],"11":[0,0],"12":[0,0],"13":[0,0],"14":[0,0],"15":[0,0],"16":[0,0],"17":[0,1],"18":[1,0],"19":[0,1]},"_coverageSchema":"1a1c01bbd47fc00a2c39e90264f33305004495a9","hash":"f2f865205800d78daf8aa2be2da86aee9faec48e","contentHash":"2502d1d010d36799a799ea70303a93f4bc38acf96928711b40bf522260d09f91"},"C:\\Users\\91889\\OneDrive\\Desktop\\final-project\\backend\\models\\Review.js":{"path":"C:\\Users\\91889\\OneDrive\\Desktop\\final-project\\backend\\models\\Review.js","statementMap":{"0":{"start":{"line":2,"column":17},"end":{"line":2,"column":36}},"1":{"start":{"line":4,"column":21},"end":{"line":11,"column":24}},"2":{"start":{"line":13,"column":15},"end":{"line":13,"column":53}},"3":{"start":{"line":14,"column":0},"end":{"line":14,"column":24}}},"fnMap":{},"branchMap":{},"s":{"0":1,"1":1,"2":1,"3":1},"f":{},"b":{},"_coverageSchema":"1a1c01bbd47fc00a2c39e90264f33305004495a9","hash":"7be60f131255ee48493118ef7298a73ed4f87957","contentHash":"f9932093783cb1974682d727105450cf88a1a107dd928808ea932f9bdf7f86db"},"C:\\Users\\91889\\OneDrive\\Desktop\\final-project\\backend\\routes\\userRoutes.js":{"path":"C:\\Users\\91889\\OneDrive\\Desktop\\final-project\\backend\\routes\\userRoutes.js","statementMap":{"0":{"start":{"line":1,"column":16},"end":{"line":1,"column":34}},"1":{"start":{"line":2,"column":15},"end":{"line":2,"column":31}},"2":{"start":{"line":3,"column":23},"end":{"line":3,"column":63}},"3":{"start":{"line":4,"column":26},"end":{"line":4,"column":68}},"4":{"start":{"line":109,"column":0},"end":{"line":109,"column":70}},"5":{"start":{"line":110,"column":0},"end":{"line":110,"column":62}},"6":{"start":{"line":111,"column":0},"end":{"line":111,"column":76}},"7":{"start":{"line":112,"column":0},"end":{"line":112,"column":79}},"8":{"start":{"line":113,"column":0},"end":{"line":113,"column":79}},"9":{"start":{"line":114,"column":0},"end":{"line":114,"column":66}},"10":{"start":{"line":115,"column":0},"end":{"line":115,"column":74}},"11":{"start":{"line":116,"column":0},"end":{"line":116,"column":80}},"12":{"start":{"line":117,"column":0},"end":{"line":117,"column":68}},"13":{"start":{"line":118,"column":0},"end":{"line":118,"column":86}},"14":{"start":{"line":119,"column":0},"end":{"line":119,"column":85}},"15":{"start":{"line":122,"column":0},"end":{"line":122,"column":24}}},"fnMap":{},"branchMap":{},"s":{"0":1,"1":1,"2":1,"3":1,"4":1,"5":1,"6":1,"7":1,"8":1,"9":1,"10":1,"11":1,"12":1,"13":1,"14":1,"15":1},"f":{},"b":{},"_coverageSchema":"1a1c01bbd47fc00a2c39e90264f33305004495a9","hash":"3936551b59243fb1506d130b3ff8e9e273374c56","contentHash":"41b06c1db50da47392037f4da36a60e38e46eff5b4000d380848e3bd1a4705e7"},"C:\\Users\\91889\\OneDrive\\Desktop\\final-project\\backend\\controllers\\userController.js":{"path":"C:\\Users\\91889\\OneDrive\\Desktop\\final-project\\backend\\controllers\\userController.js","statementMap":{"0":{"start":{"line":1,"column":19},"end":{"line":1,"column":50}},"1":{"start":{"line":2,"column":13},"end":{"line":2,"column":38}},"2":{"start":{"line":3,"column":13},"end":{"line":3,"column":38}},"3":{"start":{"line":4,"column":14},"end":{"line":4,"column":40}},"4":{"start":{"line":5,"column":17},"end":{"line":5,"column":46}},"5":{"start":{"line":6,"column":15},"end":{"line":6,"column":42}},"6":{"start":{"line":8,"column":0},"end":{"line":27,"column":2}},"7":{"start":{"line":9,"column":2},"end":{"line":26,"column":3}},"8":{"start":{"line":11,"column":26},"end":{"line":18,"column":12}},"9":{"start":{"line":22,"column":6},"end":{"line":22,"column":40}},"10":{"start":{"line":24,"column":6},"end":{"line":24,"column":58}},"11":{"start":{"line":25,"column":6},"end":{"line":25,"column":63}},"12":{"start":{"line":31,"column":1},"end":{"line":52,"column":2}},"13":{"start":{"line":32,"column":4},"end":{"line":51,"column":5}},"14":{"start":{"line":33,"column":29},"end":{"line":33,"column":42}},"15":{"start":{"line":37,"column":27},"end":{"line":37,"column":88}},"16":{"start":{"line":40,"column":8},"end":{"line":42,"column":9}},"17":{"start":{"line":41,"column":12},"end":{"line":41,"column":77}},"18":{"start":{"line":44,"column":8},"end":{"line":44,"column":42}},"19":{"start":{"line":47,"column":8},"end":{"line":47,"column":39}},"20":{"start":{"line":49,"column":8},"end":{"line":49,"column":27}},"21":{"start":{"line":50,"column":8},"end":{"line":50,"column":67}},"22":{"start":{"line":55,"column":0},"end":{"line":67,"column":2}},"23":{"start":{"line":56,"column":2},"end":{"line":66,"column":3}},"24":{"start":{"line":57,"column":19},"end":{"line":59,"column":41}},"25":{"start":{"line":60,"column":6},"end":{"line":62,"column":7}},"26":{"start":{"line":61,"column":10},"end":{"line":61,"column":69}},"27":{"start":{"line":63,"column":6},"end":{"line":63,"column":21}},"28":{"start":{"line":65,"column":6},"end":{"line":65,"column":53}},"29":{"start":{"line":70,"column":0},"end":{"line":98,"column":2}},"30":{"start":{"line":72,"column":72},"end":{"line":72,"column":80}},"31":{"start":{"line":73,"column":2},"end":{"line":97,"column":3}},"32":{"start":{"line":74,"column":17},"end":{"line":74,"column":64}},"33":{"start":{"line":75,"column":6},"end":{"line":77,"column":7}},"34":{"start":{"line":76,"column":10},"end":{"line":76,"column":66}},"35":{"start":{"line":78,"column":6},"end":{"line":78,"column":126}},"36":{"start":{"line":80,"column":6},"end":{"line":89,"column":9}},"37":{"start":{"line":91,"column":6},"end":{"line":91,"column":43}},"38":{"start":{"line":93,"column":6},"end":{"line":93,"column":24}},"39":{"start":{"line":94,"column":6},"end":{"line":94,"column":33}},"40":{"start":{"line":96,"column":6},"end":{"line":96,"column":53}},"41":{"start":{"line":101,"column":0},"end":{"line":122,"column":2}},"42":{"start":{"line":102,"column":2},"end":{"line":121,"column":3}},"43":{"start":{"line":103,"column":17},"end":{"line":103,"column":64}},"44":{"start":{"line":104,"column":6},"end":{"line":104,"column":76}},"45":{"start":{"line":104,"column":17},"end":{"line":104,"column":76}},"46":{"start":{"line":106,"column":27},"end":{"line":106,"column":96}},"47":{"start":{"line":106,"column":51},"end":{"line":106,"column":95}},"48":{"start":{"line":107,"column":6},"end":{"line":109,"column":7}},"49":{"start":{"line":108,"column":10},"end":{"line":108,"column":77}},"50":{"start":{"line":112,"column":6},"end":{"line":112,"column":69}},"51":{"start":{"line":115,"column":6},"end":{"line":115,"column":91}},"52":{"start":{"line":115,"column":45},"end":{"line":115,"column":89}},"53":{"start":{"line":117,"column":6},"end":{"line":117,"column":24}},"54":{"start":{"line":118,"column":6},"end":{"line":118,"column":21}},"55":{"start":{"line":120,"column":6},"end":{"line":120,"column":53}},"56":{"start":{"line":125,"column":0},"end":{"line":155,"column":2}},"57":{"start":{"line":126,"column":102},"end":{"line":126,"column":110}},"58":{"start":{"line":128,"column":4},"end":{"line":154,"column":5}},"59":{"start":{"line":130,"column":27},"end":{"line":138,"column":10}},"60":{"start":{"line":140,"column":29},"end":{"line":140,"column":52}},"61":{"start":{"line":143,"column":29},"end":{"line":143,"column":107}},"62":{"start":{"line":145,"column":8},"end":{"line":147,"column":9}},"63":{"start":{"line":146,"column":12},"end":{"line":146,"column":72}},"64":{"start":{"line":150,"column":8},"end":{"line":150,"column":105}},"65":{"start":{"line":152,"column":8},"end":{"line":152,"column":58}},"66":{"start":{"line":153,"column":8},"end":{"line":153,"column":71}},"67":{"start":{"line":158,"column":0},"end":{"line":170,"column":4}},"68":{"start":{"line":159,"column":4},"end":{"line":169,"column":5}},"69":{"start":{"line":160,"column":19},"end":{"line":160,"column":63}},"70":{"start":{"line":162,"column":6},"end":{"line":164,"column":7}},"71":{"start":{"line":163,"column":8},"end":{"line":163,"column":67}},"72":{"start":{"line":165,"column":6},"end":{"line":165,"column":21}},"73":{"start":{"line":167,"column":6},"end":{"line":167,"column":63}},"74":{"start":{"line":168,"column":6},"end":{"line":168,"column":65}},"75":{"start":{"line":172,"column":2},"end":{"line":193,"column":4}},"76":{"start":{"line":173,"column":4},"end":{"line":192,"column":5}},"77":{"start":{"line":177,"column":21},"end":{"line":181,"column":27}},"78":{"start":{"line":183,"column":6},"end":{"line":183,"column":35}},"79":{"start":{"line":184,"column":6},"end":{"line":186,"column":7}},"80":{"start":{"line":185,"column":8},"end":{"line":185,"column":69}},"81":{"start":{"line":188,"column":6},"end":{"line":188,"column":23}},"82":{"start":{"line":190,"column":6},"end":{"line":190,"column":60}},"83":{"start":{"line":191,"column":6},"end":{"line":191,"column":65}},"84":{"start":{"line":196,"column":2},"end":{"line":208,"column":4}},"85":{"start":{"line":197,"column":4},"end":{"line":207,"column":5}},"86":{"start":{"line":199,"column":27},"end":{"line":202,"column":37}},"87":{"start":{"line":203,"column":6},"end":{"line":203,"column":41}},"88":{"start":{"line":205,"column":6},"end":{"line":205,"column":60}},"89":{"start":{"line":206,"column":6},"end":{"line":206,"column":94}},"90":{"start":{"line":212,"column":0},"end":{"line":231,"column":4}},"91":{"start":{"line":213,"column":24},"end":{"line":213,"column":34}},"92":{"start":{"line":215,"column":4},"end":{"line":230,"column":5}},"93":{"start":{"line":216,"column":27},"end":{"line":220,"column":7}},"94":{"start":{"line":222,"column":6},"end":{"line":224,"column":7}},"95":{"start":{"line":223,"column":8},"end":{"line":223,"column":68}},"96":{"start":{"line":226,"column":6},"end":{"line":226,"column":80}},"97":{"start":{"line":228,"column":6},"end":{"line":228,"column":54}},"98":{"start":{"line":229,"column":6},"end":{"line":229,"column":88}},"99":{"start":{"line":233,"column":2},"end":{"line":251,"column":4}},"100":{"start":{"line":234,"column":24},"end":{"line":234,"column":34}},"101":{"start":{"line":236,"column":4},"end":{"line":250,"column":5}},"102":{"start":{"line":237,"column":27},"end":{"line":240,"column":7}},"103":{"start":{"line":242,"column":6},"end":{"line":244,"column":7}},"104":{"start":{"line":243,"column":8},"end":{"line":243,"column":68}},"105":{"start":{"line":246,"column":6},"end":{"line":246,"column":78}},"106":{"start":{"line":248,"column":6},"end":{"line":248,"column":54}},"107":{"start":{"line":249,"column":6},"end":{"line":249,"column":88}},"108":{"start":{"line":254,"column":0},"end":{"line":263,"column":1}},"109":{"start":{"line":255,"column":4},"end":{"line":262,"column":5}},"110":{"start":{"line":256,"column":26},"end":{"line":256,"column":36}},"111":{"start":{"line":257,"column":25},"end":{"line":257,"column":40}},"112":{"start":{"line":258,"column":28},"end":{"line":258,"column":68}},"113":{"start":{"line":259,"column":8},"end":{"line":259,"column":42}},"114":{"start":{"line":265,"column":0},"end":{"line":280,"column":2}},"115":{"start":{"line":266,"column":4},"end":{"line":279,"column":5}},"116":{"start":{"line":268,"column":21},"end":{"line":268,"column":77}},"117":{"start":{"line":269,"column":8},"end":{"line":271,"column":9}},"118":{"start":{"line":270,"column":12},"end":{"line":270,"column":71}},"119":{"start":{"line":275,"column":8},"end":{"line":275,"column":35}},"120":{"start":{"line":277,"column":8},"end":{"line":277,"column":29}},"121":{"start":{"line":278,"column":8},"end":{"line":278,"column":58}},"122":{"start":{"line":282,"column":0},"end":{"line":322,"column":2}},"123":{"start":{"line":283,"column":48},"end":{"line":283,"column":56}},"124":{"start":{"line":284,"column":4},"end":{"line":284,"column":23}},"125":{"start":{"line":285,"column":4},"end":{"line":321,"column":5}},"126":{"start":{"line":286,"column":21},"end":{"line":286,"column":57}},"127":{"start":{"line":287,"column":8},"end":{"line":289,"column":9}},"128":{"start":{"line":288,"column":12},"end":{"line":288,"column":71}},"129":{"start":{"line":292,"column":8},"end":{"line":297,"column":9}},"130":{"start":{"line":293,"column":32},"end":{"line":293,"column":61}},"131":{"start":{"line":294,"column":12},"end":{"line":296,"column":13}},"132":{"start":{"line":295,"column":16},"end":{"line":295,"column":81}},"133":{"start":{"line":300,"column":8},"end":{"line":307,"column":9}},"134":{"start":{"line":301,"column":12},"end":{"line":306,"column":14}},"135":{"start":{"line":310,"column":8},"end":{"line":310,"column":50}},"136":{"start":{"line":311,"column":8},"end":{"line":311,"column":41}},"137":{"start":{"line":312,"column":8},"end":{"line":312,"column":41}},"138":{"start":{"line":314,"column":8},"end":{"line":314,"column":32}},"139":{"start":{"line":316,"column":28},"end":{"line":316,"column":45}},"140":{"start":{"line":317,"column":8},"end":{"line":317,"column":93}},"141":{"start":{"line":319,"column":8},"end":{"line":319,"column":29}},"142":{"start":{"line":320,"column":8},"end":{"line":320,"column":58}},"143":{"start":{"line":325,"column":0},"end":{"line":404,"column":4}},"144":{"start":{"line":326,"column":52},"end":{"line":326,"column":60}},"145":{"start":{"line":328,"column":4},"end":{"line":328,"column":33}},"146":{"start":{"line":329,"column":4},"end":{"line":331,"column":5}},"147":{"start":{"line":330,"column":8},"end":{"line":330,"column":84}},"148":{"start":{"line":333,"column":4},"end":{"line":403,"column":5}},"149":{"start":{"line":335,"column":22},"end":{"line":335,"column":118}},"150":{"start":{"line":337,"column":8},"end":{"line":339,"column":9}},"151":{"start":{"line":338,"column":12},"end":{"line":338,"column":71}},"152":{"start":{"line":342,"column":8},"end":{"line":344,"column":9}},"153":{"start":{"line":343,"column":12},"end":{"line":343,"column":91}},"154":{"start":{"line":347,"column":8},"end":{"line":349,"column":9}},"155":{"start":{"line":348,"column":12},"end":{"line":348,"column":95}},"156":{"start":{"line":352,"column":27},"end":{"line":352,"column":74}},"157":{"start":{"line":353,"column":8},"end":{"line":355,"column":9}},"158":{"start":{"line":354,"column":12},"end":{"line":354,"column":76}},"159":{"start":{"line":358,"column":23},"end":{"line":365,"column":10}},"160":{"start":{"line":367,"column":8},"end":{"line":367,"column":28}},"161":{"start":{"line":370,"column":8},"end":{"line":370,"column":44}},"162":{"start":{"line":371,"column":8},"end":{"line":371,"column":32}},"163":{"start":{"line":374,"column":26},"end":{"line":374,"column":66}},"164":{"start":{"line":374,"column":52},"end":{"line":374,"column":65}},"165":{"start":{"line":375,"column":8},"end":{"line":393,"column":9}},"166":{"start":{"line":376,"column":25},"end":{"line":376,"column":62}},"167":{"start":{"line":378,"column":12},"end":{"line":392,"column":13}},"168":{"start":{"line":380,"column":16},"end":{"line":383,"column":17}},"169":{"start":{"line":381,"column":20},"end":{"line":381,"column":102}},"170":{"start":{"line":382,"column":20},"end":{"line":382,"column":29}},"171":{"start":{"line":385,"column":37},"end":{"line":385,"column":59}},"172":{"start":{"line":386,"column":38},"end":{"line":386,"column":61}},"173":{"start":{"line":388,"column":16},"end":{"line":388,"column":100}},"174":{"start":{"line":389,"column":16},"end":{"line":389,"column":53}},"175":{"start":{"line":391,"column":16},"end":{"line":391,"column":34}},"176":{"start":{"line":396,"column":8},"end":{"line":396,"column":34}},"177":{"start":{"line":397,"column":8},"end":{"line":397,"column":27}},"178":{"start":{"line":399,"column":8},"end":{"line":399,"column":84}},"179":{"start":{"line":401,"column":8},"end":{"line":401,"column":55}},"180":{"start":{"line":402,"column":8},"end":{"line":402,"column":66}},"181":{"start":{"line":409,"column":2},"end":{"line":443,"column":4}},"182":{"start":{"line":410,"column":35},"end":{"line":410,"column":43}},"183":{"start":{"line":411,"column":25},"end":{"line":411,"column":28}},"184":{"start":{"line":413,"column":6},"end":{"line":415,"column":7}},"185":{"start":{"line":414,"column":10},"end":{"line":414,"column":81}},"186":{"start":{"line":417,"column":6},"end":{"line":442,"column":7}},"187":{"start":{"line":418,"column":23},"end":{"line":418,"column":53}},"188":{"start":{"line":419,"column":10},"end":{"line":421,"column":11}},"189":{"start":{"line":420,"column":14},"end":{"line":420,"column":73}},"190":{"start":{"line":424,"column":27},"end":{"line":424,"column":85}},"191":{"start":{"line":424,"column":51},"end":{"line":424,"column":84}},"192":{"start":{"line":425,"column":10},"end":{"line":427,"column":11}},"193":{"start":{"line":426,"column":14},"end":{"line":426,"column":81}},"194":{"start":{"line":430,"column":10},"end":{"line":430,"column":39}},"195":{"start":{"line":433,"column":10},"end":{"line":433,"column":99}},"196":{"start":{"line":433,"column":62},"end":{"line":433,"column":94}},"197":{"start":{"line":436,"column":10},"end":{"line":436,"column":28}},"198":{"start":{"line":438,"column":10},"end":{"line":438,"column":25}},"199":{"start":{"line":440,"column":10},"end":{"line":440,"column":31}},"200":{"start":{"line":441,"column":10},"end":{"line":441,"column":72}}},"fnMap":{"0":{"name":"(anonymous_0)","decl":{"start":{"line":8,"column":32},"end":{"line":8,"column":33}},"loc":{"start":{"line":8,"column":52},"end":{"line":27,"column":1}},"line":8},"1":{"name":"(anonymous_1)","decl":{"start":{"line":31,"column":34},"end":{"line":31,"column":35}},"loc":{"start":{"line":31,"column":54},"end":{"line":52,"column":1}},"line":31},"2":{"name":"(anonymous_2)","decl":{"start":{"line":55,"column":23},"end":{"line":55,"column":24}},"loc":{"start":{"line":55,"column":43},"end":{"line":67,"column":1}},"line":55},"3":{"name":"(anonymous_3)","decl":{"start":{"line":70,"column":24},"end":{"line":70,"column":25}},"loc":{"start":{"line":70,"column":44},"end":{"line":98,"column":1}},"line":70},"4":{"name":"(anonymous_4)","decl":{"start":{"line":101,"column":25},"end":{"line":101,"column":26}},"loc":{"start":{"line":101,"column":45},"end":{"line":122,"column":1}},"line":101},"5":{"name":"(anonymous_5)","decl":{"start":{"line":106,"column":43},"end":{"line":106,"column":44}},"loc":{"start":{"line":106,"column":51},"end":{"line":106,"column":95}},"line":106},"6":{"name":"(anonymous_6)","decl":{"start":{"line":115,"column":37},"end":{"line":115,"column":38}},"loc":{"start":{"line":115,"column":45},"end":{"line":115,"column":89}},"line":115},"7":{"name":"(anonymous_7)","decl":{"start":{"line":125,"column":19},"end":{"line":125,"column":20}},"loc":{"start":{"line":125,"column":39},"end":{"line":155,"column":1}},"line":125},"8":{"name":"(anonymous_8)","decl":{"start":{"line":158,"column":29},"end":{"line":158,"column":30}},"loc":{"start":{"line":158,"column":49},"end":{"line":170,"column":3}},"line":158},"9":{"name":"(anonymous_9)","decl":{"start":{"line":172,"column":28},"end":{"line":172,"column":29}},"loc":{"start":{"line":172,"column":48},"end":{"line":193,"column":3}},"line":172},"10":{"name":"(anonymous_10)","decl":{"start":{"line":196,"column":28},"end":{"line":196,"column":29}},"loc":{"start":{"line":196,"column":48},"end":{"line":208,"column":3}},"line":196},"11":{"name":"(anonymous_11)","decl":{"start":{"line":212,"column":22},"end":{"line":212,"column":23}},"loc":{"start":{"line":212,"column":42},"end":{"line":231,"column":3}},"line":212},"12":{"name":"(anonymous_12)","decl":{"start":{"line":233,"column":24},"end":{"line":233,"column":25}},"loc":{"start":{"line":233,"column":44},"end":{"line":251,"column":3}},"line":233},"13":{"name":"(anonymous_13)","decl":{"start":{"line":254,"column":22},"end":{"line":254,"column":23}},"loc":{"start":{"line":254,"column":40},"end":{"line":263,"column":1}},"line":254},"14":{"name":"(anonymous_14)","decl":{"start":{"line":265,"column":25},"end":{"line":265,"column":26}},"loc":{"start":{"line":265,"column":45},"end":{"line":280,"column":1}},"line":265},"15":{"name":"(anonymous_15)","decl":{"start":{"line":282,"column":28},"end":{"line":282,"column":29}},"loc":{"start":{"line":282,"column":48},"end":{"line":322,"column":1}},"line":282},"16":{"name":"(anonymous_16)","decl":{"start":{"line":325,"column":17},"end":{"line":325,"column":18}},"loc":{"start":{"line":325,"column":37},"end":{"line":404,"column":3}},"line":325},"17":{"name":"(anonymous_17)","decl":{"start":{"line":374,"column":42},"end":{"line":374,"column":43}},"loc":{"start":{"line":374,"column":52},"end":{"line":374,"column":65}},"line":374},"18":{"name":"(anonymous_18)","decl":{"start":{"line":409,"column":35},"end":{"line":409,"column":36}},"loc":{"start":{"line":409,"column":55},"end":{"line":443,"column":3}},"line":409},"19":{"name":"(anonymous_19)","decl":{"start":{"line":424,"column":43},"end":{"line":424,"column":44}},"loc":{"start":{"line":424,"column":51},"end":{"line":424,"column":84}},"line":424},"20":{"name":"(anonymous_20)","decl":{"start":{"line":433,"column":47},"end":{"line":433,"column":48}},"loc":{"start":{"line":433,"column":62},"end":{"line":433,"column":94}},"line":433}},"branchMap":{"0":{"loc":{"start":{"line":40,"column":8},"end":{"line":42,"column":9}},"type":"if","locations":[{"start":{"line":40,"column":8},"end":{"line":42,"column":9}},{"start":{},"end":{}}],"line":40},"1":{"loc":{"start":{"line":60,"column":6},"end":{"line":62,"column":7}},"type":"if","locations":[{"start":{"line":60,"column":6},"end":{"line":62,"column":7}},{"start":{},"end":{}}],"line":60},"2":{"loc":{"start":{"line":75,"column":6},"end":{"line":77,"column":7}},"type":"if","locations":[{"start":{"line":75,"column":6},"end":{"line":77,"column":7}},{"start":{},"end":{}}],"line":75},"3":{"loc":{"start":{"line":104,"column":6},"end":{"line":104,"column":76}},"type":"if","locations":[{"start":{"line":104,"column":6},"end":{"line":104,"column":76}},{"start":{},"end":{}}],"line":104},"4":{"loc":{"start":{"line":107,"column":6},"end":{"line":109,"column":7}},"type":"if","locations":[{"start":{"line":107,"column":6},"end":{"line":109,"column":7}},{"start":{},"end":{}}],"line":107},"5":{"loc":{"start":{"line":145,"column":8},"end":{"line":147,"column":9}},"type":"if","locations":[{"start":{"line":145,"column":8},"end":{"line":147,"column":9}},{"start":{},"end":{}}],"line":145},"6":{"loc":{"start":{"line":162,"column":6},"end":{"line":164,"column":7}},"type":"if","locations":[{"start":{"line":162,"column":6},"end":{"line":164,"column":7}},{"start":{},"end":{}}],"line":162},"7":{"loc":{"start":{"line":184,"column":6},"end":{"line":186,"column":7}},"type":"if","locations":[{"start":{"line":184,"column":6},"end":{"line":186,"column":7}},{"start":{},"end":{}}],"line":184},"8":{"loc":{"start":{"line":184,"column":10},"end":{"line":184,"column":40}},"type":"binary-expr","locations":[{"start":{"line":184,"column":10},"end":{"line":184,"column":17}},{"start":{"line":184,"column":21},"end":{"line":184,"column":40}}],"line":184},"9":{"loc":{"start":{"line":222,"column":6},"end":{"line":224,"column":7}},"type":"if","locations":[{"start":{"line":222,"column":6},"end":{"line":224,"column":7}},{"start":{},"end":{}}],"line":222},"10":{"loc":{"start":{"line":242,"column":6},"end":{"line":244,"column":7}},"type":"if","locations":[{"start":{"line":242,"column":6},"end":{"line":244,"column":7}},{"start":{},"end":{}}],"line":242},"11":{"loc":{"start":{"line":269,"column":8},"end":{"line":271,"column":9}},"type":"if","locations":[{"start":{"line":269,"column":8},"end":{"line":271,"column":9}},{"start":{},"end":{}}],"line":269},"12":{"loc":{"start":{"line":287,"column":8},"end":{"line":289,"column":9}},"type":"if","locations":[{"start":{"line":287,"column":8},"end":{"line":289,"column":9}},{"start":{},"end":{}}],"line":287},"13":{"loc":{"start":{"line":292,"column":8},"end":{"line":297,"column":9}},"type":"if","locations":[{"start":{"line":292,"column":8},"end":{"line":297,"column":9}},{"start":{},"end":{}}],"line":292},"14":{"loc":{"start":{"line":292,"column":12},"end":{"line":292,"column":41}},"type":"binary-expr","locations":[{"start":{"line":292,"column":12},"end":{"line":292,"column":17}},{"start":{"line":292,"column":21},"end":{"line":292,"column":41}}],"line":292},"15":{"loc":{"start":{"line":294,"column":12},"end":{"line":296,"column":13}},"type":"if","locations":[{"start":{"line":294,"column":12},"end":{"line":296,"column":13}},{"start":{},"end":{}}],"line":294},"16":{"loc":{"start":{"line":300,"column":8},"end":{"line":307,"column":9}},"type":"if","locations":[{"start":{"line":300,"column":8},"end":{"line":307,"column":9}},{"start":{},"end":{}}],"line":300},"17":{"loc":{"start":{"line":302,"column":24},"end":{"line":302,"column":61}},"type":"binary-expr","locations":[{"start":{"line":302,"column":24},"end":{"line":302,"column":38}},{"start":{"line":302,"column":42},"end":{"line":302,"column":61}}],"line":302},"18":{"loc":{"start":{"line":303,"column":22},"end":{"line":303,"column":55}},"type":"binary-expr","locations":[{"start":{"line":303,"column":22},"end":{"line":303,"column":34}},{"start":{"line":303,"column":38},"end":{"line":303,"column":55}}],"line":303},"19":{"loc":{"start":{"line":304,"column":23},"end":{"line":304,"column":58}},"type":"binary-expr","locations":[{"start":{"line":304,"column":23},"end":{"line":304,"column":36}},{"start":{"line":304,"column":40},"end":{"line":304,"column":58}}],"line":304},"20":{"loc":{"start":{"line":305,"column":25},"end":{"line":305,"column":64}},"type":"binary-expr","locations":[{"start":{"line":305,"column":25},"end":{"line":305,"column":40}},{"start":{"line":305,"column":44},"end":{"line":305,"column":64}}],"line":305},"21":{"loc":{"start":{"line":310,"column":24},"end":{"line":310,"column":49}},"type":"binary-expr","locations":[{"start":{"line":310,"column":24},"end":{"line":310,"column":32}},{"start":{"line":310,"column":36},"end":{"line":310,"column":49}}],"line":310},"22":{"loc":{"start":{"line":311,"column":21},"end":{"line":311,"column":40}},"type":"binary-
[...]
e":3,"column":38}},"2":{"start":{"line":4,"column":14},"end":{"line":4,"column":40}},"3":{"start":{"line":5,"column":19},"end":{"line":5,"column":50}},"4":{"start":{"line":6,"column":16},"end":{"line":6,"column":44}},"5":{"start":{"line":7,"column":0},"end":{"line":17,"column":2}},"6":{"start":{"line":8,"column":4},"end":{"line":16,"column":5}},"7":{"start":{"line":9,"column":21},"end":{"line":9,"column":124}},"8":{"start":{"line":10,"column":8},"end":{"line":12,"column":9}},"9":{"start":{"line":11,"column":12},"end":{"line":11,"column":71}},"10":{"start":{"line":13,"column":8},"end":{"line":13,"column":71}},"11":{"start":{"line":15,"column":8},"end":{"line":15,"column":55}},"12":{"start":{"line":21,"column":0},"end":{"line":68,"column":2}},"13":{"start":{"line":22,"column":4},"end":{"line":22,"column":42}},"14":{"start":{"line":23,"column":77},"end":{"line":23,"column":85}},"15":{"start":{"line":24,"column":4},"end":{"line":67,"column":5}},"16":{"start":{"line":26,"column":19},"end":{"line":26,"column":66}},"17":{"start":{"line":27,"column":8},"end":{"line":29,"column":9}},"18":{"start":{"line":28,"column":12},"end":{"line":28,"column":84}},"19":{"start":{"line":32,"column":8},"end":{"line":34,"column":9}},"20":{"start":{"line":33,"column":12},"end":{"line":33,"column":123}},"21":{"start":{"line":37,"column":34},"end":{"line":39,"column":9}},"22":{"start":{"line":38,"column":22},"end":{"line":38,"column":104}},"23":{"start":{"line":41,"column":8},"end":{"line":54,"column":9}},"24":{"start":{"line":43,"column":12},"end":{"line":43,"column":71}},"25":{"start":{"line":46,"column":12},"end":{"line":53,"column":15}},"26":{"start":{"line":57,"column":8},"end":{"line":59,"column":14}},"27":{"start":{"line":58,"column":12},"end":{"line":58,"column":54}},"28":{"start":{"line":62,"column":8},"end":{"line":62,"column":26}},"29":{"start":{"line":63,"column":8},"end":{"line":63,"column":35}},"30":{"start":{"line":65,"column":8},"end":{"line":65,"column":57}},"31":{"start":{"line":66,"column":8},"end":{"line":66,"column":67}},"32":{"start":{"line":89,"column":0},"end":{"line":119,"column":2}},"33":{"start":{"line":90,"column":4},"end":{"line":118,"column":5}},"34":{"start":{"line":91,"column":23},"end":{"line":91,"column":40}},"35":{"start":{"line":92,"column":8},"end":{"line":92,"column":51}},"36":{"start":{"line":95,"column":19},"end":{"line":95,"column":91}},"37":{"start":{"line":96,"column":8},"end":{"line":96,"column":78}},"38":{"start":{"line":96,"column":19},"end":{"line":96,"column":78}},"39":{"start":{"line":99,"column":26},"end":{"line":99,"column":95}},"40":{"start":{"line":99,"column":57},"end":{"line":99,"column":94}},"41":{"start":{"line":100,"column":8},"end":{"line":100,"column":97}},"42":{"start":{"line":100,"column":30},"end":{"line":100,"column":97}},"43":{"start":{"line":103,"column":8},"end":{"line":107,"column":9}},"44":{"start":{"line":104,"column":12},"end":{"line":104,"column":48}},"45":{"start":{"line":106,"column":12},"end":{"line":106,"column":44}},"46":{"start":{"line":110,"column":8},"end":{"line":110,"column":97}},"47":{"start":{"line":110,"column":60},"end":{"line":110,"column":92}},"48":{"start":{"line":113,"column":8},"end":{"line":113,"column":26}},"49":{"start":{"line":114,"column":8},"end":{"line":114,"column":23}},"50":{"start":{"line":116,"column":8},"end":{"line":116,"column":56}},"51":{"start":{"line":117,"column":8},"end":{"line":117,"column":67}},"52":{"start":{"line":121,"column":0},"end":{"line":180,"column":2}},"53":{"start":{"line":122,"column":66},"end":{"line":122,"column":74}},"54":{"start":{"line":124,"column":4},"end":{"line":179,"column":5}},"55":{"start":{"line":126,"column":8},"end":{"line":141,"column":9}},"56":{"start":{"line":127,"column":33},"end":{"line":131,"column":13}},"57":{"start":{"line":133,"column":12},"end":{"line":135,"column":13}},"58":{"start":{"line":134,"column":16},"end":{"line":134,"column":76}},"59":{"start":{"line":137,"column":12},"end":{"line":137,"column":91}},"60":{"start":{"line":139,"column":12},"end":{"line":139,"column":65}},"61":{"start":{"line":140,"column":12},"end":{"line":140,"column":99}},"62":{"start":{"line":144,"column":8},"end":{"line":146,"column":9}},"63":{"start":{"line":145,"column":12},"end":{"line":145,"column":80}},"64":{"start":{"line":148,"column":8},"end":{"line":178,"column":9}},"65":{"start":{"line":149,"column":29},"end":{"line":158,"column":14}},"66":{"start":{"line":152,"column":42},"end":{"line":155,"column":17}},"67":{"start":{"line":160,"column":31},"end":{"line":160,"column":52}},"68":{"start":{"line":164,"column":12},"end":{"line":172,"column":13}},"69":{"start":{"line":165,"column":43},"end":{"line":165,"column":99}},"70":{"start":{"line":166,"column":16},"end":{"line":168,"column":17}},"71":{"start":{"line":167,"column":20},"end":{"line":167,"column":61}},"72":{"start":{"line":171,"column":16},"end":{"line":171,"column":70}},"73":{"start":{"line":174,"column":12},"end":{"line":174,"column":45}},"74":{"start":{"line":176,"column":12},"end":{"line":176,"column":57}},"75":{"start":{"line":177,"column":12},"end":{"line":177,"column":91}},"76":{"start":{"line":183,"column":0},"end":{"line":212,"column":2}},"77":{"start":{"line":184,"column":85},"end":{"line":184,"column":93}},"78":{"start":{"line":186,"column":4},"end":{"line":211,"column":5}},"79":{"start":{"line":188,"column":27},"end":{"line":195,"column":10}},"80":{"start":{"line":197,"column":29},"end":{"line":197,"column":52}},"81":{"start":{"line":200,"column":29},"end":{"line":200,"column":107}},"82":{"start":{"line":202,"column":8},"end":{"line":204,"column":9}},"83":{"start":{"line":203,"column":12},"end":{"line":203,"column":72}},"84":{"start":{"line":207,"column":8},"end":{"line":207,"column":105}},"85":{"start":{"line":209,"column":8},"end":{"line":209,"column":58}},"86":{"start":{"line":210,"column":8},"end":{"line":210,"column":71}},"87":{"start":{"line":215,"column":0},"end":{"line":243,"column":2}},"88":{"start":{"line":216,"column":4},"end":{"line":242,"column":5}},"89":{"start":{"line":217,"column":23},"end":{"line":217,"column":40}},"90":{"start":{"line":218,"column":8},"end":{"line":218,"column":51}},"91":{"start":{"line":221,"column":19},"end":{"line":221,"column":91}},"92":{"start":{"line":222,"column":8},"end":{"line":222,"column":78}},"93":{"start":{"line":222,"column":19},"end":{"line":222,"column":78}},"94":{"start":{"line":225,"column":26},"end":{"line":225,"column":95}},"95":{"start":{"line":225,"column":57},"end":{"line":225,"column":94}},"96":{"start":{"line":226,"column":8},"end":{"line":226,"column":97}},"97":{"start":{"line":226,"column":30},"end":{"line":226,"column":97}},"98":{"start":{"line":229,"column":8},"end":{"line":231,"column":9}},"99":{"start":{"line":230,"column":12},"end":{"line":230,"column":48}},"100":{"start":{"line":234,"column":8},"end":{"line":234,"column":97}},"101":{"start":{"line":234,"column":60},"end":{"line":234,"column":92}},"102":{"start":{"line":237,"column":8},"end":{"line":237,"column":26}},"103":{"start":{"line":238,"column":8},"end":{"line":238,"column":23}},"104":{"start":{"line":240,"column":8},"end":{"line":240,"column":56}},"105":{"start":{"line":241,"column":8},"end":{"line":241,"column":67}}},"fnMap":{"0":{"name":"(anonymous_0)","decl":{"start":{"line":7,"column":23},"end":{"line":7,"column":24}},"loc":{"start":{"line":7,"column":43},"end":{"line":17,"column":1}},"line":7},"1":{"name":"(anonymous_1)","decl":{"start":{"line":21,"column":24},"end":{"line":21,"column":25}},"loc":{"start":{"line":21,"column":44},"end":{"line":68,"column":1}},"line":21},"2":{"name":"(anonymous_2)","decl":{"start":{"line":38,"column":12},"end":{"line":38,"column":13}},"loc":{"start":{"line":38,"column":22},"end":{"line":38,"column":104}},"line":38},"3":{"name":"(anonymous_3)","decl":{"start":{"line":57,"column":45},"end":{"line":57,"column":46}},"loc":{"start":{"line":57,"column":62},"end":{"line":59,"column":9}},"line":57},"4":{"name":"(anonymous_4)","decl":{"start":{"line":89,"column":25},"end":{"line":89,"column":26}},"loc":{"start":{"line":89,"column":45},"end":{"line":119,"column":1}},"line":89},"5":{"name":"(anonymous_5)","decl":{"start":{"line":99,"column":47},"end":{"line":99,"column":48}},"loc":{"start":{"line":99,"column":57},"end":{"line":99,"column":94}},"line":99},"6":{"name":"(anonymous_6)","decl":{"start":{"line":110,"column":45},"end":{"line":110,"column":46}},"loc":{"start":{"line":110,"column":60},"end":{"line":110,"column":92}},"line":110},"7":{"name":"(anonymous_7)","decl":{"start":{"line":121,"column":16},"end":{"line":121,"column":17}},"loc":{"start":{"line":121,"column":36},"end":{"line":180,"column":1}},"line":121},"8":{"name":"(anonymous_8)","decl":{"start":{"line":152,"column":33},"end":{"line":152,"column":34}},"loc":{"start":{"line":152,"column":42},"end":{"line":155,"column":17}},"line":152},"9":{"name":"(anonymous_9)","decl":{"start":{"line":183,"column":19},"end":{"line":183,"column":20}},"loc":{"start":{"line":183,"column":39},"end":{"line":212,"column":1}},"line":183},"10":{"name":"(anonymous_10)","decl":{"start":{"line":215,"column":25},"end":{"line":215,"column":26}},"loc":{"start":{"line":215,"column":45},"end":{"line":243,"column":1}},"line":215},"11":{"name":"(anonymous_11)","decl":{"start":{"line":225,"column":47},"end":{"line":225,"column":48}},"loc":{"start":{"line":225,"column":57},"end":{"line":225,"column":94}},"line":225},"12":{"name":"(anonymous_12)","decl":{"start":{"line":234,"column":45},"end":{"line":234,"column":46}},"loc":{"start":{"line":234,"column":60},"end":{"line":234,"column":92}},"line":234}},"branchMap":{"0":{"loc":{"start":{"line":10,"column":8},"end":{"line":12,"column":9}},"type":"if","locations":[{"start":{"line":10,"column":8},"end":{"line":12,"column":9}},{"start":{},"end":{}}],"line":10},"1":{"loc":{"start":{"line":23,"column":46},"end":{"line":23,"column":58}},"type":"default-arg","locations":[{"start":{"line":23,"column":57},"end":{"line":23,"column":58}}],"line":23},"2":{"loc":{"start":{"line":27,"column":8},"end":{"line":29,"column":9}},"type":"if","locations":[{"start":{"line":27,"column":8},"end":{"line":29,"column":9}},{"start":{},"end":{}}],"line":27},"3":{"loc":{"start":{"line":32,"column":8},"end":{"line":34,"column":9}},"type":"if","locations":[{"start":{"line":32,"column":8},"end":{"line":34,"column":9}},{"start":{},"end":{}}],"line":32},"4":{"loc":{"start":{"line":32,"column":12},"end":{"line":32,"column":91}},"type":"binary-expr","locations":[{"start":{"line":32,"column":12},"end":{"line":32,"column":33}},{"start":{"line":32,"column":37},"end":{"line":32,"column":91}}],"line":32},"5":{"loc":{"start":{"line":38,"column":22},"end":{"line":38,"column":104}},"type":"binary-expr","locations":[{"start":{"line":38,"column":22},"end":{"line":38,"column":55}},{"start":{"line":38,"column":59},"end":{"line":38,"column":104}}],"line":38},"6":{"loc":{"start":{"line":41,"column":8},"end":{"line":54,"column":9}},"type":"if","locations":[{"start":{"line":41,"column":8},"end":{"line":54,"column":9}},{"start":{"line":44,"column":15},"end":{"line":54,"column":9}}],"line":41},"7":{"loc":{"start":{"line":96,"column":8},"end":{"line":96,"column":78}},"type":"if","locations":[{"start":{"line":96,"column":8},"end":{"line":96,"column":78}},{"start":{},"end":{}}],"line":96},"8":{"loc":{"start":{"line":100,"column":8},"end":{"line":100,"column":97}},"type":"if","locations":[{"start":{"line":100,"column":8},"end":{"line":100,"column":97}},{"start":{},"end":{}}],"line":100},"9":{"loc":{"start":{"line":103,"column":8},"end":{"line":107,"column":9}},"type":"if","locations":[{"start":{"line":103,"column":8},"end":{"line":107,"column":9}},{"start":{"line":105,"column":15},"end":{"line":107,"column":9}}],"line":103},"10":{"loc":{"start":{"line":124,"column":4},"end":{"line":179,"column":5}},"type":"if","locations":[{"start":{"line":124,"column":4},"end":{"line":179,"column":5}},{"start":{"line":142,"column":11},"end":{"line":179,"column":5}}],"line":124},"11":{"loc":{"start":{"line":129,"column":26},"end":{"line":129,"column":45}},"type":"binary-expr","locations":[{"start":{"line":129,"column":26},"end":{"line":129,"column":32}},{"start":{"line":129,"column":36},"end":{"line":129,"column":45}}],"line":129},"12":{"loc":{"start":{"line":133,"column":12},"end":{"line":135,"column":13}},"type":"if","locations":[{"start":{"line":133,"column":12},"end":{"line":135,"column":13}},{"start":{},"end":{}}],"line":133},"13":{"loc":{"start":{"line":144,"column":8},"end":{"line":146,"column":9}},"type":"if","locations":[{"start":{"line":144,"column":8},"end":{"line":146,"column":9}},{"start":{},"end":{}}],"line":144},"14":{"loc":{"start":{"line":144,"column":12},"end":{"line":144,"column":51}},"type":"binary-expr","locations":[{"start":{"line":144,"column":12},"end":{"line":144,"column":25}},{"start":{"line":144,"column":29},"end":{"line":144,"column":35}},{"start":{"line":144,"column":39},"end":{"line":144,"column":51}}],"line":144},"15":{"loc":{"start":{"line":157,"column":24},"end":{"line":157,"column":43}},"type":"binary-expr","locations":[{"start":{"line":157,"column":24},"end":{"line":157,"column":30}},{"start":{"line":157,"column":34},"end":{"line":157,"column":43}}],"line":157},"16":{"loc":{"start":{"line":166,"column":16},"end":{"line":168,"column":17}},"type":"if","locations":[{"start":{"line":166,"column":16},"end":{"line":168,"column":17}},{"start":{},"end":{}}],"line":166},"17":{"loc":{"start":{"line":202,"column":8},"end":{"line":204,"column":9}},"type":"if","locations":[{"start":{"line":202,"column":8},"end":{"line":204,"column":9}},{"start":{},"end":{}}],"line":202},"18":{"loc":{"start":{"line":222,"column":8},"end":{"line":222,"column":78}},"type":"if","locations":[{"start":{"line":222,"column":8},"end":{"line":222,"column":78}},{"start":{},"end":{}}],"line":222},"19":{"loc":{"start":{"line":226,"column":8},"end":{"line":226,"column":97}},"type":"if","locations":[{"start":{"line":226,"column":8},"end":{"line":226,"column":97}},{"start":{},"end":{}}],"line":226},"20":{"loc":{"start":{"line":229,"column":8},"end":{"line":231,"column":9}},"type":"if","locations":[{"start":{"line":229,"column":8},"end":{"line":231,"column":9}},{"start":{},"end":{}}],"line":229}},"s":{"0":1,"1":1,"2":1,"3":1,"4":1,"5":1,"6":1,"7":1,"8":1,"9":0,"10":1,"11":0,"12":1,"13":0,"14":0,"15":0,"16":0,"17":0,"18":0,"19":0,"20":0,"21":0,"22":0,"23":0,"24":0,"25":0,"26":0,"27":0,"28":0,"29":0,"30":0,"31":0,"32":1,"33":0,"34":0,"35":0,"36":0,"37":0,"38":0,"39":0,"40":0,"41":0,"42":0,"43":0,"44":0,"45":0,"46":0,"47":0,"48":0,"49":0,"50":0,"51":0,"52":1,"53":0,"54":0,"55":0,"56":0,"57":0,"58":0,"59":0,"60":0,"61":0,"62":0,"63":0,"64":0,"65":0,"66":0,"67":0,"68":0,"69":0,"70":0,"71":0,"72":0,"73":0,"74":0,"75":0,"76":1,"77":0,"78":0,"79":0,"80":0,"81":0,"82":0,"83":0,"84":0,"85":0,"86":0,"87":1,"88":0,"89":0,"90":0,"91":0,"92":0,"93":0,"94":0,"95":0,"96":0,"97":0,"98":0,"99":0,"100":0,"101":0,"102":0,"103":0,"104":0,"105":0},"f":{"0":1,"1":0,"2":0,"3":0,"4":0,"5":0,"6":0,"7":0,"8":0,"9":0,"10":0,"11":0,"12":0},"b":{"0":[0,1],"1":[0],"2":[0,0],"3":[0,0],"4":[0,0],"5":[0,0],"6":[0,0],"7":[0,0],"8":[0,0],"9":[0,0],"10":[0,0],"11":[0,0],"12":[0,0],"13":[0,0],"14":[0,0,0],"15":[0,0],"16":[0,0],"17":[0,0],"18":[0,0],"19":[0,0],"20":[0,0]},"_coverageSchema":"1a1c01bbd47fc00a2c39e90264f33305004495a9","hash":"bfc95598f805d42f2d6df09509de8f9f46f29418","contentHash":"96def358fc98e10ded4fee873f155408159de8e7dc524ec32da5fb62589acbb9"},"C:\\Users\\91889\\OneDrive\\Desktop\\final-project\\backend\\models\\Payment.js":{"path":"C:\\Users\\91889\\OneDrive\\Desktop\\final-project\\backend\\models\\Payment.js","statementMap":{"0":{"start":{"line":1,"column":17},"end":{"line":1,"column":36}},"1":{"start":{"line":3,"column":22},"end":{"line":11,"column":24}},"2":{"start":{"line":13,"column":0},"end":{"line":13,"column":58}}},"fnMap":{},"branchMap":{},"s":{"0":1,"1":1,"2":1},"f":{},"b":{},"_coverageSchema":"1a1c01bbd47fc00a2c39e90264f33305004495a9","hash":"09dcdfacb7bad0ec59380432fd7d1afea588747a","contentHash":"31613e4cd999e6eb83ae0186f15d66f6687356795532f01ee06ad453655d58c7"},"C:\\Users\\91889\\OneDrive\\Desktop\\final-project\\backend\\middleware\\Logger.js":{"path":"C:\\Users\\91889\\OneDrive\\Desktop\\final-project\\backend\\middleware\\Logger.js","statementMap":{"0":{"start":{"line":1,"column":22},"end":{"line":4,"column":1}},"1":{"start":{"line":2,"column":4},"end":{"line":2,"column":107}},"2":{"start":{"line":3,"column":4},"end":{"line":3,"column":11}},"3":{"start":{"line":6,"column":0},"end":{"line":6,"column":31}}},"fnMap":{"0":{"name":"(anonymous_0)","decl":{"start":{"line":1,"column":22},"end":{"line":1,"column":23}},"loc":{"start":{"line":1,"column":42},"end":{"line":4,"column":1}},"line":1}},"branchMap":{},"s":{"0":1,"1":0,"2":0,"3":1},"f":{"0":0},"b":{},"_coverageSchema":"1a1c01bbd47fc00a2c39e90264f33305004495a9","hash":"79024e47dda7ecdc04a532d597d2b0e42ea5ce72","contentHash":"b18ef721e4029c28a358187d19a30b422dce522736a3a6f3fb919fe1a47d6b5b"},"C:\\Users\\91889\\OneDrive\\Desktop\\final-project\\backend\\middleware\\errorHandler.js":{"path":"C:\\Users\\91889\\OneDrive\\Desktop\\final-project\\backend\\middleware\\errorHandler.js","statementMap":{"0":{"start":{"line":1,"column":21},"end":{"line":7,"column":1}},"1":{"start":{"line":2,"column":4},"end":{"line":2,"column":29}},"2":{"start":{"line":3,"column":4},"end":{"line":6,"column":7}},"3":{"start":{"line":9,"column":29},"end":{"line":14,"column":1}},"4":{"start":{"line":10,"column":4},"end":{"line":13,"column":7}},"5":{"start":{"line":18,"column":0},"end":{"line":21,"column":2}}},"fnMap":{"0":{"name":"(anonymous_0)","decl":{"start":{"line":1,"column":21},"end":{"line":1,"column":22}},"loc":{"start":{"line":1,"column":46},"end":{"line":7,"column":1}},"line":1},"1":{"name":"(anonymous_1)","decl":{"start":{"line":9,"column":29},"end":{"line":9,"column":30}},"loc":{"start":{"line":9,"column":49},"end":{"line":14,"column":1}},"line":9}},"branchMap":{"0":{"loc":{"start":{"line":3,"column":15},"end":{"line":3,"column":32}},"type":"binary-expr","locations":[{"start":{"line":3,"column":15},"end":{"line":3,"column":25}},{"start":{"line":3,"column":29},"end":{"line":3,"column":32}}],"line":3},"1":{"loc":{"start":{"line":5,"column":17},"end":{"line":5,"column":55}},"type":"binary-expr","locations":[{"start":{"line":5,"column":17},"end":{"line":5,"column":28}},{"start":{"line":5,"column":32},"end":{"line":5,"column":55}}],"line":5}},"s":{"0":1,"1":0,"2":0,"3":1,"4":0,"5":1},"f":{"0":0,"1":0},"b":{"0":[0,0],"1":[0,0]},"_coverageSchema":"1a1c01bbd47fc00a2c39e90264f33305004495a9","hash":"ff1c933695fac949cbdf3c2047c056226a4940cb","contentHash":"46b4f1fbfdb6552c328e9b857b55606ef8e5abc036cef6c7b24984f16c3dd3d5"},"C:\\Users\\91889\\OneDrive\\Desktop\\final-project\\backend\\config\\swagger.js":{"path":"C:\\Users\\91889\\OneDrive\\Desktop\\final-project\\backend\\config\\swagger.js","statementMap":{"0":{"start":{"line":1,"column":21},"end":{"line":1,"column":45}},"1":{"start":{"line":2,"column":18},"end":{"line":2,"column":47}},"2":{"start":{"line":4,"column":16},"end":{"line":34,"column":1}},"3":{"start":{"line":36,"column":20},"end":{"line":36,"column":41}},"4":{"start":{"line":38,"column":20},"end":{"line":41,"column":1}},"5":{"start":{"line":39,"column":2},"end":{"line":39,"column":70}},"6":{"start":{"line":40,"column":2},"end":{"line":40,"column":74}},"7":{"start":{"line":43,"column":0},"end":{"line":43,"column":29}}},"fnMap":{"0":{"name":"(anonymous_0)","decl":{"start":{"line":38,"column":20},"end":{"line":38,"column":21}},"loc":{"start":{"line":38,"column":29},"end":{"line":41,"column":1}},"line":38}},"branchMap":{},"s":{"0":1,"1":1,"2":1,"3":1,"4":1,"5":1,"6":1,"7":1},"f":{"0":1},"b":{},"_coverageSchema":"1a1c01bbd47fc00a2c39e90264f33305004495a9","hash":"2953cc915487521cc12e55cc7f8ba9cd04d4fc23","contentHash":"667b2007ae0d89212f49c11fd3b8a0eab04db5541e5d7f55ca893b4f95a39693"}}